   1              		.cpu cortex-m0
   2              		.fpu softvfp
   3              		.eabi_attribute 20, 1
   4              		.eabi_attribute 21, 1
   5              		.eabi_attribute 23, 3
   6              		.eabi_attribute 24, 1
   7              		.eabi_attribute 25, 1
   8              		.eabi_attribute 26, 1
   9              		.eabi_attribute 30, 6
  10              		.eabi_attribute 34, 0
  11              		.eabi_attribute 18, 4
  12              		.code	16
  13              		.file	"TFC_LineScanCamera.c"
  14              		.text
  15              	.Ltext0:
  16              		.cfi_sections	.debug_frame
  17              		.comm	LineScanImage0WorkingBuffer,4,4
  18              		.comm	LineScanImage1WorkingBuffer,4,4
  19              		.comm	LineScanImage0,4,4
  20              		.comm	LineScanImage1,4,4
  21              		.comm	LineScanImage0Buffer,512,4
  22              		.comm	LineScanImage1Buffer,512,4
  23              		.comm	LineScanWorkingBuffer,1,1
  24              		.global	LineScanImageReady
  25              		.section	.bss.LineScanImageReady,"aw",%nobits
  28              	LineScanImageReady:
  29 0000 00       		.space	1
  30              		.comm	moving_buffer_setpoint,6,4
  31              		.section	.text.TFC_InitLineScanCamera,"ax",%progbits
  32              		.align	2
  33              		.global	TFC_InitLineScanCamera
  34              		.code	16
  35              		.thumb_func
  37              	TFC_InitLineScanCamera:
  38              	.LFB0:
  39              		.file 1 "../Sources/TFC/TFC_LineScanCamera.c"
   1:../Sources/TFC/TFC_LineScanCamera.c **** #include "TFC\TFC.h"
   2:../Sources/TFC/TFC_LineScanCamera.c **** 
   3:../Sources/TFC/TFC_LineScanCamera.c **** 
   4:../Sources/TFC/TFC_LineScanCamera.c **** volatile uint16_t  *LineScanImage0WorkingBuffer;
   5:../Sources/TFC/TFC_LineScanCamera.c **** volatile uint16_t  *LineScanImage1WorkingBuffer;
   6:../Sources/TFC/TFC_LineScanCamera.c **** volatile uint16_t  *LineScanImage0;
   7:../Sources/TFC/TFC_LineScanCamera.c **** volatile uint16_t  *LineScanImage1;
   8:../Sources/TFC/TFC_LineScanCamera.c **** volatile uint16_t  LineScanImage0Buffer[2][128];
   9:../Sources/TFC/TFC_LineScanCamera.c **** volatile uint16_t  LineScanImage1Buffer[2][128];
  10:../Sources/TFC/TFC_LineScanCamera.c **** volatile uint8_t  LineScanWorkingBuffer;
  11:../Sources/TFC/TFC_LineScanCamera.c **** 
  12:../Sources/TFC/TFC_LineScanCamera.c **** volatile uint8_t LineScanImageReady = 0;
  13:../Sources/TFC/TFC_LineScanCamera.c **** 
  14:../Sources/TFC/TFC_LineScanCamera.c **** uint8_t moving_buffer_setpoint[6];
  15:../Sources/TFC/TFC_LineScanCamera.c **** 
  16:../Sources/TFC/TFC_LineScanCamera.c **** void TFC_InitLineScanCamera()
  17:../Sources/TFC/TFC_LineScanCamera.c **** {
  40              		.loc 1 17 0
  41              		.cfi_startproc
  42 0000 80B5     		push	{r7, lr}
  43              	.LCFI0:
  44              		.cfi_def_cfa_offset 8
  45              		.cfi_offset 7, -8
  46              		.cfi_offset 14, -4
  47 0002 00AF     		add	r7, sp, #0
  48              	.LCFI1:
  49              		.cfi_def_cfa_register 7
  18:../Sources/TFC/TFC_LineScanCamera.c **** 	SIM_SCGC5 |=     SIM_SCGC5_PORTE_MASK | SIM_SCGC5_PORTD_MASK; //Make sure the clock is enabled for
  50              		.loc 1 18 0
  51 0004 1C4A     		ldr	r2, .L2
  52 0006 1C49     		ldr	r1, .L2
  53 0008 1C4B     		ldr	r3, .L2+4
  54 000a CB58     		ldr	r3, [r1, r3]
  55 000c C021     		mov	r1, #192
  56 000e 8901     		lsl	r1, r1, #6
  57 0010 1943     		orr	r1, r3
  58 0012 1A4B     		ldr	r3, .L2+4
  59 0014 D150     		str	r1, [r2, r3]
  19:../Sources/TFC/TFC_LineScanCamera.c **** 	PORTE_PCR1 = PORT_PCR_MUX(1) | PORT_PCR_DSE_MASK;   //Enable GPIO on on the pin for the CLOCK Sign
  60              		.loc 1 19 0
  61 0016 1A4B     		ldr	r3, .L2+8
  62 0018 A022     		mov	r2, #160
  63 001a 5200     		lsl	r2, r2, #1
  64 001c 5A60     		str	r2, [r3, #4]
  20:../Sources/TFC/TFC_LineScanCamera.c **** 	PORTD_PCR7 = PORT_PCR_MUX(1) | PORT_PCR_DSE_MASK;   //Enable GPIO on on the pin for SI signal
  65              		.loc 1 20 0
  66 001e 194B     		ldr	r3, .L2+12
  67 0020 A022     		mov	r2, #160
  68 0022 5200     		lsl	r2, r2, #1
  69 0024 DA61     		str	r2, [r3, #28]
  21:../Sources/TFC/TFC_LineScanCamera.c **** 
  22:../Sources/TFC/TFC_LineScanCamera.c **** 	PORTD_PCR5 = PORT_PCR_MUX(0); //Make sure AO signal goes to an analog input
  70              		.loc 1 22 0
  71 0026 174B     		ldr	r3, .L2+12
  72 0028 0022     		mov	r2, #0
  73 002a 5A61     		str	r2, [r3, #20]
  23:../Sources/TFC/TFC_LineScanCamera.c **** 	PORTD_PCR6 = PORT_PCR_MUX(0); //Make sure AO signal goes to an analog input
  74              		.loc 1 23 0
  75 002c 154B     		ldr	r3, .L2+12
  76 002e 0022     		mov	r2, #0
  77 0030 9A61     		str	r2, [r3, #24]
  24:../Sources/TFC/TFC_LineScanCamera.c **** 
  25:../Sources/TFC/TFC_LineScanCamera.c **** 	//Make sure the Clock and SI pins are outputs
  26:../Sources/TFC/TFC_LineScanCamera.c **** 	GPIOD_PDDR |= (1<<7);
  78              		.loc 1 26 0
  79 0032 154B     		ldr	r3, .L2+16
  80 0034 144A     		ldr	r2, .L2+16
  81 0036 5269     		ldr	r2, [r2, #20]
  82 0038 8021     		mov	r1, #128
  83 003a 0A43     		orr	r2, r1
  84 003c 5A61     		str	r2, [r3, #20]
  27:../Sources/TFC/TFC_LineScanCamera.c **** 	GPIOE_PDDR |= (1<<1);
  85              		.loc 1 27 0
  86 003e 134B     		ldr	r3, .L2+20
  87 0040 124A     		ldr	r2, .L2+20
  88 0042 5269     		ldr	r2, [r2, #20]
  89 0044 0221     		mov	r1, #2
  90 0046 0A43     		orr	r2, r1
  91 0048 5A61     		str	r2, [r3, #20]
  28:../Sources/TFC/TFC_LineScanCamera.c **** 
  29:../Sources/TFC/TFC_LineScanCamera.c **** 	TAOS_CLK_LOW;
  92              		.loc 1 29 0
  93 004a 104B     		ldr	r3, .L2+20
  94 004c 0222     		mov	r2, #2
  95 004e 9A60     		str	r2, [r3, #8]
  30:../Sources/TFC/TFC_LineScanCamera.c **** 	TAOS_SI_LOW;
  96              		.loc 1 30 0
  97 0050 0D4B     		ldr	r3, .L2+16
  98 0052 8022     		mov	r2, #128
  99 0054 9A60     		str	r2, [r3, #8]
  31:../Sources/TFC/TFC_LineScanCamera.c **** 
  32:../Sources/TFC/TFC_LineScanCamera.c **** 	LineScanWorkingBuffer = 0;
 100              		.loc 1 32 0
 101 0056 0E4B     		ldr	r3, .L2+24
 102 0058 0022     		mov	r2, #0
 103 005a 1A70     		strb	r2, [r3]
  33:../Sources/TFC/TFC_LineScanCamera.c **** 
  34:../Sources/TFC/TFC_LineScanCamera.c **** 	LineScanImage0WorkingBuffer = &LineScanImage0Buffer[0][0];
 104              		.loc 1 34 0
 105 005c 0D4B     		ldr	r3, .L2+28
 106 005e 0E4A     		ldr	r2, .L2+32
 107 0060 1A60     		str	r2, [r3]
  35:../Sources/TFC/TFC_LineScanCamera.c **** 	LineScanImage1WorkingBuffer = &LineScanImage1Buffer[0][0];
 108              		.loc 1 35 0
 109 0062 0E4B     		ldr	r3, .L2+36
 110 0064 0E4A     		ldr	r2, .L2+40
 111 0066 1A60     		str	r2, [r3]
  36:../Sources/TFC/TFC_LineScanCamera.c **** 
  37:../Sources/TFC/TFC_LineScanCamera.c **** 	LineScanImage0 = &LineScanImage0Buffer[1][0];
 112              		.loc 1 37 0
 113 0068 0E4B     		ldr	r3, .L2+44
 114 006a 0F4A     		ldr	r2, .L2+48
 115 006c 1A60     		str	r2, [r3]
  38:../Sources/TFC/TFC_LineScanCamera.c **** 	LineScanImage1 = &LineScanImage1Buffer[1][0];
 116              		.loc 1 38 0
 117 006e 0F4B     		ldr	r3, .L2+52
 118 0070 0F4A     		ldr	r2, .L2+56
 119 0072 1A60     		str	r2, [r3]
  39:../Sources/TFC/TFC_LineScanCamera.c **** }
 120              		.loc 1 39 0
 121 0074 BD46     		mov	sp, r7
 122              		@ sp needed for prologue
 123 0076 80BD     		pop	{r7, pc}
 124              	.L3:
 125              		.align	2
 126              	.L2:
 127 0078 00700440 		.word	1074032640
 128 007c 38100000 		.word	4152
 129 0080 00D00440 		.word	1074057216
 130 0084 00C00440 		.word	1074053120
 131 0088 C0F00F40 		.word	1074786496
 132 008c 00F10F40 		.word	1074786560
 133 0090 00000000 		.word	LineScanWorkingBuffer
 134 0094 00000000 		.word	LineScanImage0WorkingBuffer
 135 0098 00000000 		.word	LineScanImage0Buffer
 136 009c 00000000 		.word	LineScanImage1WorkingBuffer
 137 00a0 00000000 		.word	LineScanImage1Buffer
 138 00a4 00000000 		.word	LineScanImage0
 139 00a8 00010000 		.word	LineScanImage0Buffer+256
 140 00ac 00000000 		.word	LineScanImage1
 141 00b0 00010000 		.word	LineScanImage1Buffer+256
 142              		.cfi_endproc
 143              	.LFE0:
 145              		.global	__aeabi_ui2d
 146              		.global	__aeabi_ddiv
 147              		.global	__aeabi_dmul
 148              		.global	__aeabi_d2f
 149              		.global	__aeabi_f2uiz
 150              		.section	.text.TFC_SetLineScanExposureTime,"ax",%progbits
 151              		.align	2
 152              		.global	TFC_SetLineScanExposureTime
 153              		.code	16
 154              		.thumb_func
 156              	TFC_SetLineScanExposureTime:
 157              	.LFB1:
  40:../Sources/TFC/TFC_LineScanCamera.c **** 
  41:../Sources/TFC/TFC_LineScanCamera.c **** 
  42:../Sources/TFC/TFC_LineScanCamera.c **** void TFC_SetLineScanExposureTime(uint32_t  TimeIn_uS)
  43:../Sources/TFC/TFC_LineScanCamera.c **** {
 158              		.loc 1 43 0
 159              		.cfi_startproc
 160 0000 90B5     		push	{r4, r7, lr}
 161              	.LCFI2:
 162              		.cfi_def_cfa_offset 12
 163              		.cfi_offset 4, -12
 164              		.cfi_offset 7, -8
 165              		.cfi_offset 14, -4
 166 0002 85B0     		sub	sp, sp, #20
 167              	.LCFI3:
 168              		.cfi_def_cfa_offset 32
 169 0004 00AF     		add	r7, sp, #0
 170              	.LCFI4:
 171              		.cfi_def_cfa_register 7
 172 0006 7860     		str	r0, [r7, #4]
  44:../Sources/TFC/TFC_LineScanCamera.c **** 	float t;
  45:../Sources/TFC/TFC_LineScanCamera.c **** 
  46:../Sources/TFC/TFC_LineScanCamera.c **** 	//Figure out how many Pit ticks we need for for the exposure time
  47:../Sources/TFC/TFC_LineScanCamera.c **** 	t = (TimeIn_uS /1000000.0) * (float)(PERIPHERAL_BUS_CLOCK);
 173              		.loc 1 47 0
 174 0008 7868     		ldr	r0, [r7, #4]
 175 000a FFF7FEFF 		bl	__aeabi_ui2d
 176 000e 031C     		mov	r3, r0
 177 0010 0C1C     		mov	r4, r1
 178 0012 181C     		mov	r0, r3
 179 0014 211C     		mov	r1, r4
 180 0016 114B     		ldr	r3, .L5+4
 181 0018 0F4A     		ldr	r2, .L5
 182 001a FFF7FEFF 		bl	__aeabi_ddiv
 183 001e 031C     		mov	r3, r0
 184 0020 0C1C     		mov	r4, r1
 185 0022 181C     		mov	r0, r3
 186 0024 211C     		mov	r1, r4
 187 0026 0E4A     		ldr	r2, .L5+8
 188 0028 0E4B     		ldr	r3, .L5+12
 189 002a FFF7FEFF 		bl	__aeabi_dmul
 190 002e 031C     		mov	r3, r0
 191 0030 0C1C     		mov	r4, r1
 192 0032 181C     		mov	r0, r3
 193 0034 211C     		mov	r1, r4
 194 0036 FFF7FEFF 		bl	__aeabi_d2f
 195 003a 031C     		add	r3, r0, #0
 196 003c FB60     		str	r3, [r7, #12]
  48:../Sources/TFC/TFC_LineScanCamera.c **** 	PIT_LDVAL0 = (uint32_t)t;
 197              		.loc 1 48 0
 198 003e 0A4C     		ldr	r4, .L5+16
 199 0040 F868     		ldr	r0, [r7, #12]
 200 0042 FFF7FEFF 		bl	__aeabi_f2uiz
 201 0046 021C     		mov	r2, r0
 202 0048 8023     		mov	r3, #128
 203 004a 5B00     		lsl	r3, r3, #1
 204 004c E250     		str	r2, [r4, r3]
  49:../Sources/TFC/TFC_LineScanCamera.c **** 
  50:../Sources/TFC/TFC_LineScanCamera.c **** }
 205              		.loc 1 50 0
 206 004e BD46     		mov	sp, r7
 207 0050 05B0     		add	sp, sp, #20
 208              		@ sp needed for prologue
 209 0052 90BD     		pop	{r4, r7, pc}
 210              	.L6:
 211 0054 C046C046 		.align	3
 212              	.L5:
 213 0058 00000000 		.word	0
 214 005c 80842E41 		.word	1093567616
 215 0060 00000000 		.word	0
 216 0064 60E37641 		.word	1098310496
 217 0068 00700340 		.word	1073967104
 218              		.cfi_endproc
 219              	.LFE1:
 221              		.global	__aeabi_fadd
 222              		.global	__aeabi_fmul
 223              		.global	__aeabi_f2d
 224              		.global	__aeabi_d2uiz
 225              		.global	__aeabi_uidiv
 226              		.global	__aeabi_i2f
 227              		.global	__aeabi_fdiv
 228 006c C046C046 		.section	.text.TFC_LineScanImageToDigital,"ax",%progbits
 229              		.align	2
 230              		.global	TFC_LineScanImageToDigital
 231              		.code	16
 232              		.thumb_func
 234              	TFC_LineScanImageToDigital:
 235              	.LFB2:
  51:../Sources/TFC/TFC_LineScanCamera.c **** 
  52:../Sources/TFC/TFC_LineScanCamera.c **** float TFC_LineScanImageToDigital(uint8_t Digital_Signal[])
  53:../Sources/TFC/TFC_LineScanCamera.c **** {
 236              		.loc 1 53 0
 237              		.cfi_startproc
 238 0000 90B5     		push	{r4, r7, lr}
 239              	.LCFI5:
 240              		.cfi_def_cfa_offset 12
 241              		.cfi_offset 4, -12
 242              		.cfi_offset 7, -8
 243              		.cfi_offset 14, -4
 244 0002 83B0     		sub	sp, sp, #12
 245              	.LCFI6:
 246              		.cfi_def_cfa_offset 24
 247 0004 00AF     		add	r7, sp, #0
 248              	.LCFI7:
 249              		.cfi_def_cfa_register 7
 250 0006 7860     		str	r0, [r7, #4]
  54:../Sources/TFC/TFC_LineScanCamera.c **** 	static int i;
  55:../Sources/TFC/TFC_LineScanCamera.c **** 	static uint8_t WhiteThresh;
  56:../Sources/TFC/TFC_LineScanCamera.c **** 	static uint8_t Edge_Left, Edge_Right;
  57:../Sources/TFC/TFC_LineScanCamera.c **** 
  58:../Sources/TFC/TFC_LineScanCamera.c **** 	//	Edge_Left = 0;
  59:../Sources/TFC/TFC_LineScanCamera.c **** 	//	Edge_Right = NUM_PIXELS - 1;
  60:../Sources/TFC/TFC_LineScanCamera.c **** 
  61:../Sources/TFC/TFC_LineScanCamera.c **** 	WhiteThresh = 80*(TFC_ReadPot(1) + 1)/2.0;
 251              		.loc 1 61 0
 252 0008 0120     		mov	r0, #1
 253 000a FFF7FEFF 		bl	TFC_ReadPot
 254 000e 031C     		add	r3, r0, #0
 255 0010 181C     		add	r0, r3, #0
 256 0012 FE21     		mov	r1, #254
 257 0014 8905     		lsl	r1, r1, #22
 258 0016 FFF7FEFF 		bl	__aeabi_fadd
 259 001a 031C     		add	r3, r0, #0
 260 001c 181C     		add	r0, r3, #0
 261 001e 5E49     		ldr	r1, .L23+8
 262 0020 FFF7FEFF 		bl	__aeabi_fmul
 263 0024 031C     		add	r3, r0, #0
 264 0026 181C     		add	r0, r3, #0
 265 0028 FFF7FEFF 		bl	__aeabi_f2d
 266 002c 031C     		mov	r3, r0
 267 002e 0C1C     		mov	r4, r1
 268 0030 181C     		mov	r0, r3
 269 0032 211C     		mov	r1, r4
 270 0034 574B     		ldr	r3, .L23+4
 271 0036 564A     		ldr	r2, .L23
 272 0038 FFF7FEFF 		bl	__aeabi_ddiv
 273 003c 031C     		mov	r3, r0
 274 003e 0C1C     		mov	r4, r1
 275 0040 181C     		mov	r0, r3
 276 0042 211C     		mov	r1, r4
 277 0044 FFF7FEFF 		bl	__aeabi_d2uiz
 278 0048 031C     		mov	r3, r0
 279 004a DAB2     		uxtb	r2, r3
 280 004c 534B     		ldr	r3, .L23+12
 281 004e 1A70     		strb	r2, [r3]
  62:../Sources/TFC/TFC_LineScanCamera.c **** 
  63:../Sources/TFC/TFC_LineScanCamera.c **** 	// transferring of LineScanImage data to static data
  64:../Sources/TFC/TFC_LineScanCamera.c **** 	for(i = 0; i < NUM_PIXELS; i++)
 282              		.loc 1 64 0
 283 0050 534B     		ldr	r3, .L23+16
 284 0052 0022     		mov	r2, #0
 285 0054 1A60     		str	r2, [r3]
 286 0056 19E0     		b	.L8
 287              	.L9:
  65:../Sources/TFC/TFC_LineScanCamera.c **** 	{
  66:../Sources/TFC/TFC_LineScanCamera.c **** 		Digital_Signal[i] = (uint8_t) (LineScanImage0[i+TRIM_PIXELS_EACH_SIDE]/50);
 288              		.loc 1 66 0
 289 0058 514B     		ldr	r3, .L23+16
 290 005a 1B68     		ldr	r3, [r3]
 291 005c 7A68     		ldr	r2, [r7, #4]
 292 005e D418     		add	r4, r2, r3
 293 0060 504B     		ldr	r3, .L23+20
 294 0062 1A68     		ldr	r2, [r3]
 295 0064 4E4B     		ldr	r3, .L23+16
 296 0066 1B68     		ldr	r3, [r3]
 297 0068 1033     		add	r3, r3, #16
 298 006a 5B00     		lsl	r3, r3, #1
 299 006c D318     		add	r3, r2, r3
 300 006e 1B88     		ldrh	r3, [r3]
 301 0070 9BB2     		uxth	r3, r3
 302 0072 181C     		mov	r0, r3
 303 0074 3221     		mov	r1, #50
 304 0076 FFF7FEFF 		bl	__aeabi_uidiv
 305 007a 031C     		mov	r3, r0
 306 007c 9BB2     		uxth	r3, r3
 307 007e DBB2     		uxtb	r3, r3
 308 0080 2370     		strb	r3, [r4]
  64:../Sources/TFC/TFC_LineScanCamera.c **** 	for(i = 0; i < NUM_PIXELS; i++)
 309              		.loc 1 64 0
 310 0082 474B     		ldr	r3, .L23+16
 311 0084 1B68     		ldr	r3, [r3]
 312 0086 5A1C     		add	r2, r3, #1
 313 0088 454B     		ldr	r3, .L23+16
 314 008a 1A60     		str	r2, [r3]
 315              	.L8:
  64:../Sources/TFC/TFC_LineScanCamera.c **** 	for(i = 0; i < NUM_PIXELS; i++)
 316              		.loc 1 64 0 is_stmt 0
 317 008c 464B     		ldr	r3, .L23+24
 318 008e 1B78     		ldrb	r3, [r3]
 319 0090 1A1C     		mov	r2, r3
 320 0092 434B     		ldr	r3, .L23+16
 321 0094 1B68     		ldr	r3, [r3]
 322 0096 9A42     		cmp	r2, r3
 323 0098 DEDC     		bgt	.L9
  67:../Sources/TFC/TFC_LineScanCamera.c **** 	}
  68:../Sources/TFC/TFC_LineScanCamera.c **** 
  69:../Sources/TFC/TFC_LineScanCamera.c **** 	// convert array to 0's and 1's
  70:../Sources/TFC/TFC_LineScanCamera.c **** 	for(i = 0; i < NUM_PIXELS; i++)
 324              		.loc 1 70 0 is_stmt 1
 325 009a 414B     		ldr	r3, .L23+16
 326 009c 0022     		mov	r2, #0
 327 009e 1A60     		str	r2, [r3]
 328 00a0 1AE0     		b	.L10
 329              	.L13:
  71:../Sources/TFC/TFC_LineScanCamera.c **** 	{
  72:../Sources/TFC/TFC_LineScanCamera.c **** 		// METHOD 1: black/white thresholding
  73:../Sources/TFC/TFC_LineScanCamera.c **** 		// (this function requires calibration)
  74:../Sources/TFC/TFC_LineScanCamera.c **** 		if(Digital_Signal[i] < WhiteThresh)
 330              		.loc 1 74 0
 331 00a2 3F4B     		ldr	r3, .L23+16
 332 00a4 1B68     		ldr	r3, [r3]
 333 00a6 7A68     		ldr	r2, [r7, #4]
 334 00a8 D318     		add	r3, r2, r3
 335 00aa 1A78     		ldrb	r2, [r3]
 336 00ac 3B4B     		ldr	r3, .L23+12
 337 00ae 1B78     		ldrb	r3, [r3]
 338 00b0 9A42     		cmp	r2, r3
 339 00b2 06D2     		bcs	.L11
  75:../Sources/TFC/TFC_LineScanCamera.c **** 			Digital_Signal[i] = BLACK_PIXEL;
 340              		.loc 1 75 0
 341 00b4 3A4B     		ldr	r3, .L23+16
 342 00b6 1B68     		ldr	r3, [r3]
 343 00b8 7A68     		ldr	r2, [r7, #4]
 344 00ba D318     		add	r3, r2, r3
 345 00bc 3122     		mov	r2, #49
 346 00be 1A70     		strb	r2, [r3]
 347 00c0 05E0     		b	.L12
 348              	.L11:
  76:../Sources/TFC/TFC_LineScanCamera.c **** 		else
  77:../Sources/TFC/TFC_LineScanCamera.c **** 			Digital_Signal[i] = WHITE_PIXEL;
 349              		.loc 1 77 0
 350 00c2 374B     		ldr	r3, .L23+16
 351 00c4 1B68     		ldr	r3, [r3]
 352 00c6 7A68     		ldr	r2, [r7, #4]
 353 00c8 D318     		add	r3, r2, r3
 354 00ca 2022     		mov	r2, #32
 355 00cc 1A70     		strb	r2, [r3]
 356              	.L12:
  70:../Sources/TFC/TFC_LineScanCamera.c **** 	for(i = 0; i < NUM_PIXELS; i++)
 357              		.loc 1 70 0
 358 00ce 344B     		ldr	r3, .L23+16
 359 00d0 1B68     		ldr	r3, [r3]
 360 00d2 5A1C     		add	r2, r3, #1
 361 00d4 324B     		ldr	r3, .L23+16
 362 00d6 1A60     		str	r2, [r3]
 363              	.L10:
  70:../Sources/TFC/TFC_LineScanCamera.c **** 	for(i = 0; i < NUM_PIXELS; i++)
 364              		.loc 1 70 0 is_stmt 0
 365 00d8 334B     		ldr	r3, .L23+24
 366 00da 1B78     		ldrb	r3, [r3]
 367 00dc 1A1C     		mov	r2, r3
 368 00de 304B     		ldr	r3, .L23+16
 369 00e0 1B68     		ldr	r3, [r3]
 370 00e2 9A42     		cmp	r2, r3
 371 00e4 DDDC     		bgt	.L13
  78:../Sources/TFC/TFC_LineScanCamera.c **** 	}
  79:../Sources/TFC/TFC_LineScanCamera.c **** 
  80:../Sources/TFC/TFC_LineScanCamera.c **** 	// find left edge
  81:../Sources/TFC/TFC_LineScanCamera.c **** 	for(i=NUM_PIXELS/2; i >= 0; i--)
 372              		.loc 1 81 0 is_stmt 1
 373 00e6 304B     		ldr	r3, .L23+24
 374 00e8 1B78     		ldrb	r3, [r3]
 375 00ea 5B08     		lsr	r3, r3, #1
 376 00ec DBB2     		uxtb	r3, r3
 377 00ee 1A1C     		mov	r2, r3
 378 00f0 2B4B     		ldr	r3, .L23+16
 379 00f2 1A60     		str	r2, [r3]
 380 00f4 11E0     		b	.L14
 381              	.L17:
  82:../Sources/TFC/TFC_LineScanCamera.c **** 	{
  83:../Sources/TFC/TFC_LineScanCamera.c **** 		if(Digital_Signal[i] == BLACK_PIXEL)
 382              		.loc 1 83 0
 383 00f6 2A4B     		ldr	r3, .L23+16
 384 00f8 1B68     		ldr	r3, [r3]
 385 00fa 7A68     		ldr	r2, [r7, #4]
 386 00fc D318     		add	r3, r2, r3
 387 00fe 1B78     		ldrb	r3, [r3]
 388 0100 312B     		cmp	r3, #49
 389 0102 05D1     		bne	.L15
  84:../Sources/TFC/TFC_LineScanCamera.c **** 		{
  85:../Sources/TFC/TFC_LineScanCamera.c **** 			Edge_Left = i;
 390              		.loc 1 85 0
 391 0104 264B     		ldr	r3, .L23+16
 392 0106 1B68     		ldr	r3, [r3]
 393 0108 DAB2     		uxtb	r2, r3
 394 010a 284B     		ldr	r3, .L23+28
 395 010c 1A70     		strb	r2, [r3]
  86:../Sources/TFC/TFC_LineScanCamera.c **** 			break;
 396              		.loc 1 86 0
 397 010e 08E0     		b	.L16
 398              	.L15:
  81:../Sources/TFC/TFC_LineScanCamera.c **** 	for(i=NUM_PIXELS/2; i >= 0; i--)
 399              		.loc 1 81 0
 400 0110 234B     		ldr	r3, .L23+16
 401 0112 1B68     		ldr	r3, [r3]
 402 0114 5A1E     		sub	r2, r3, #1
 403 0116 224B     		ldr	r3, .L23+16
 404 0118 1A60     		str	r2, [r3]
 405              	.L14:
  81:../Sources/TFC/TFC_LineScanCamera.c **** 	for(i=NUM_PIXELS/2; i >= 0; i--)
 406              		.loc 1 81 0 is_stmt 0
 407 011a 214B     		ldr	r3, .L23+16
 408 011c 1B68     		ldr	r3, [r3]
 409 011e 002B     		cmp	r3, #0
 410 0120 E9DA     		bge	.L17
 411              	.L16:
  87:../Sources/TFC/TFC_LineScanCamera.c **** 		}
  88:../Sources/TFC/TFC_LineScanCamera.c **** 	}
  89:../Sources/TFC/TFC_LineScanCamera.c **** 
  90:../Sources/TFC/TFC_LineScanCamera.c **** 	// find right edge
  91:../Sources/TFC/TFC_LineScanCamera.c **** 	for(i=NUM_PIXELS/2; i < NUM_PIXELS; i++)
 412              		.loc 1 91 0 is_stmt 1
 413 0122 214B     		ldr	r3, .L23+24
 414 0124 1B78     		ldrb	r3, [r3]
 415 0126 5B08     		lsr	r3, r3, #1
 416 0128 DBB2     		uxtb	r3, r3
 417 012a 1A1C     		mov	r2, r3
 418 012c 1C4B     		ldr	r3, .L23+16
 419 012e 1A60     		str	r2, [r3]
 420 0130 11E0     		b	.L18
 421              	.L21:
  92:../Sources/TFC/TFC_LineScanCamera.c **** 	{
  93:../Sources/TFC/TFC_LineScanCamera.c **** 		if(Digital_Signal[i] == BLACK_PIXEL)
 422              		.loc 1 93 0
 423 0132 1B4B     		ldr	r3, .L23+16
 424 0134 1B68     		ldr	r3, [r3]
 425 0136 7A68     		ldr	r2, [r7, #4]
 426 0138 D318     		add	r3, r2, r3
 427 013a 1B78     		ldrb	r3, [r3]
 428 013c 312B     		cmp	r3, #49
 429 013e 05D1     		bne	.L19
  94:../Sources/TFC/TFC_LineScanCamera.c **** 		{
  95:../Sources/TFC/TFC_LineScanCamera.c **** 			Edge_Right = i;
 430              		.loc 1 95 0
 431 0140 174B     		ldr	r3, .L23+16
 432 0142 1B68     		ldr	r3, [r3]
 433 0144 DAB2     		uxtb	r2, r3
 434 0146 1A4B     		ldr	r3, .L23+32
 435 0148 1A70     		strb	r2, [r3]
  96:../Sources/TFC/TFC_LineScanCamera.c **** 			break;
 436              		.loc 1 96 0
 437 014a 0BE0     		b	.L20
 438              	.L19:
  91:../Sources/TFC/TFC_LineScanCamera.c **** 	for(i=NUM_PIXELS/2; i < NUM_PIXELS; i++)
 439              		.loc 1 91 0
 440 014c 144B     		ldr	r3, .L23+16
 441 014e 1B68     		ldr	r3, [r3]
 442 0150 5A1C     		add	r2, r3, #1
 443 0152 134B     		ldr	r3, .L23+16
 444 0154 1A60     		str	r2, [r3]
 445              	.L18:
  91:../Sources/TFC/TFC_LineScanCamera.c **** 	for(i=NUM_PIXELS/2; i < NUM_PIXELS; i++)
 446              		.loc 1 91 0 is_stmt 0
 447 0156 144B     		ldr	r3, .L23+24
 448 0158 1B78     		ldrb	r3, [r3]
 449 015a 1A1C     		mov	r2, r3
 450 015c 104B     		ldr	r3, .L23+16
 451 015e 1B68     		ldr	r3, [r3]
 452 0160 9A42     		cmp	r2, r3
 453 0162 E6DC     		bgt	.L21
 454              	.L20:
  97:../Sources/TFC/TFC_LineScanCamera.c **** 		}
  98:../Sources/TFC/TFC_LineScanCamera.c **** 	}
  99:../Sources/TFC/TFC_LineScanCamera.c **** 
 100:../Sources/TFC/TFC_LineScanCamera.c **** 	return ((float)(Edge_Left+Edge_Right)) / 2.0f;
 455              		.loc 1 100 0 is_stmt 1
 456 0164 114B     		ldr	r3, .L23+28
 457 0166 1B78     		ldrb	r3, [r3]
 458 0168 1A1C     		mov	r2, r3
 459 016a 114B     		ldr	r3, .L23+32
 460 016c 1B78     		ldrb	r3, [r3]
 461 016e D318     		add	r3, r2, r3
 462 0170 181C     		mov	r0, r3
 463 0172 FFF7FEFF 		bl	__aeabi_i2f
 464 0176 031C     		add	r3, r0, #0
 465 0178 181C     		add	r0, r3, #0
 466 017a 8021     		mov	r1, #128
 467 017c C905     		lsl	r1, r1, #23
 468 017e FFF7FEFF 		bl	__aeabi_fdiv
 469 0182 031C     		add	r3, r0, #0
 101:../Sources/TFC/TFC_LineScanCamera.c **** }
 470              		.loc 1 101 0
 471 0184 181C     		add	r0, r3, #0
 472 0186 BD46     		mov	sp, r7
 473 0188 03B0     		add	sp, sp, #12
 474              		@ sp needed for prologue
 475 018a 90BD     		pop	{r4, r7, pc}
 476              	.L24:
 477 018c C046C046 		.align	3
 478              	.L23:
 479 0190 00000000 		.word	0
 480 0194 00000040 		.word	1073741824
 481 0198 0000A042 		.word	1117782016
 482 019c 00000000 		.word	WhiteThresh.5968
 483 01a0 00000000 		.word	i.5967
 484 01a4 00000000 		.word	LineScanImage0
 485 01a8 00000000 		.word	NUM_PIXELS
 486 01ac 00000000 		.word	Edge_Left.5969
 487 01b0 00000000 		.word	Edge_Right.5970
 488              		.cfi_endproc
 489              	.LFE2:
 491              		.global	__aeabi_ui2f
 492 01b4 C046C046 		.section	.text.TFC_TransferFunction,"ax",%progbits
 493              		.align	2
 494              		.global	TFC_TransferFunction
 495              		.code	16
 496              		.thumb_func
 498              	TFC_TransferFunction:
 499              	.LFB3:
 102:../Sources/TFC/TFC_LineScanCamera.c **** 
 103:../Sources/TFC/TFC_LineScanCamera.c **** float TFC_TransferFunction(uint8_t input[], const float transfer_array[])
 104:../Sources/TFC/TFC_LineScanCamera.c **** {
 500              		.loc 1 104 0
 501              		.cfi_startproc
 502 0000 80B5     		push	{r7, lr}
 503              	.LCFI8:
 504              		.cfi_def_cfa_offset 8
 505              		.cfi_offset 7, -8
 506              		.cfi_offset 14, -4
 507 0002 82B0     		sub	sp, sp, #8
 508              	.LCFI9:
 509              		.cfi_def_cfa_offset 16
 510 0004 00AF     		add	r7, sp, #0
 511              	.LCFI10:
 512              		.cfi_def_cfa_register 7
 513 0006 7860     		str	r0, [r7, #4]
 514 0008 3960     		str	r1, [r7]
 105:../Sources/TFC/TFC_LineScanCamera.c **** 	static uint8_t i = 0;
 106:../Sources/TFC/TFC_LineScanCamera.c **** 	static float result;
 107:../Sources/TFC/TFC_LineScanCamera.c **** 
 108:../Sources/TFC/TFC_LineScanCamera.c **** 	result = 0;
 515              		.loc 1 108 0
 516 000a 1C4B     		ldr	r3, .L29
 517 000c 0022     		mov	r2, #0
 518 000e 1A60     		str	r2, [r3]
 109:../Sources/TFC/TFC_LineScanCamera.c **** 	for(i = 0; i < NUM_PIXELS; i++)
 519              		.loc 1 109 0
 520 0010 1B4B     		ldr	r3, .L29+4
 521 0012 0022     		mov	r2, #0
 522 0014 1A70     		strb	r2, [r3]
 523 0016 24E0     		b	.L26
 524              	.L27:
 110:../Sources/TFC/TFC_LineScanCamera.c **** 		result += (float) input[i] * transfer_array[i];
 525              		.loc 1 110 0
 526 0018 194B     		ldr	r3, .L29+4
 527 001a 1B78     		ldrb	r3, [r3]
 528 001c 7A68     		ldr	r2, [r7, #4]
 529 001e D318     		add	r3, r2, r3
 530 0020 1B78     		ldrb	r3, [r3]
 531 0022 181C     		mov	r0, r3
 532 0024 FFF7FEFF 		bl	__aeabi_ui2f
 533 0028 021C     		add	r2, r0, #0
 534 002a 154B     		ldr	r3, .L29+4
 535 002c 1B78     		ldrb	r3, [r3]
 536 002e 9B00     		lsl	r3, r3, #2
 537 0030 3968     		ldr	r1, [r7]
 538 0032 CB18     		add	r3, r1, r3
 539 0034 1B68     		ldr	r3, [r3]
 540 0036 101C     		add	r0, r2, #0
 541 0038 191C     		add	r1, r3, #0
 542 003a FFF7FEFF 		bl	__aeabi_fmul
 543 003e 031C     		add	r3, r0, #0
 544 0040 1A1C     		add	r2, r3, #0
 545 0042 0E4B     		ldr	r3, .L29
 546 0044 1B68     		ldr	r3, [r3]
 547 0046 101C     		add	r0, r2, #0
 548 0048 191C     		add	r1, r3, #0
 549 004a FFF7FEFF 		bl	__aeabi_fadd
 550 004e 031C     		add	r3, r0, #0
 551 0050 1A1C     		add	r2, r3, #0
 552 0052 0A4B     		ldr	r3, .L29
 553 0054 1A60     		str	r2, [r3]
 109:../Sources/TFC/TFC_LineScanCamera.c **** 	for(i = 0; i < NUM_PIXELS; i++)
 554              		.loc 1 109 0
 555 0056 0A4B     		ldr	r3, .L29+4
 556 0058 1B78     		ldrb	r3, [r3]
 557 005a 0133     		add	r3, r3, #1
 558 005c DAB2     		uxtb	r2, r3
 559 005e 084B     		ldr	r3, .L29+4
 560 0060 1A70     		strb	r2, [r3]
 561              	.L26:
 109:../Sources/TFC/TFC_LineScanCamera.c **** 	for(i = 0; i < NUM_PIXELS; i++)
 562              		.loc 1 109 0 is_stmt 0
 563 0062 074B     		ldr	r3, .L29+4
 564 0064 1A78     		ldrb	r2, [r3]
 565 0066 074B     		ldr	r3, .L29+8
 566 0068 1B78     		ldrb	r3, [r3]
 567 006a 9A42     		cmp	r2, r3
 568 006c D4D3     		bcc	.L27
 111:../Sources/TFC/TFC_LineScanCamera.c **** 
 112:../Sources/TFC/TFC_LineScanCamera.c **** 	return result;
 569              		.loc 1 112 0 is_stmt 1
 570 006e 034B     		ldr	r3, .L29
 571 0070 1B68     		ldr	r3, [r3]
 113:../Sources/TFC/TFC_LineScanCamera.c **** }
 572              		.loc 1 113 0
 573 0072 181C     		add	r0, r3, #0
 574 0074 BD46     		mov	sp, r7
 575 0076 02B0     		add	sp, sp, #8
 576              		@ sp needed for prologue
 577 0078 80BD     		pop	{r7, pc}
 578              	.L30:
 579 007a C046     		.align	2
 580              	.L29:
 581 007c 00000000 		.word	result.5988
 582 0080 00000000 		.word	i.5987
 583 0084 00000000 		.word	NUM_PIXELS
 584              		.cfi_endproc
 585              	.LFE3:
 587              		.section	.text.TFC_MovingAverage,"ax",%progbits
 588              		.align	2
 589              		.global	TFC_MovingAverage
 590              		.code	16
 591              		.thumb_func
 593              	TFC_MovingAverage:
 594              	.LFB4:
 114:../Sources/TFC/TFC_LineScanCamera.c **** 
 115:../Sources/TFC/TFC_LineScanCamera.c **** void TFC_MovingAverage(uint8_t x, uint8_t y[], uint8_t M)
 116:../Sources/TFC/TFC_LineScanCamera.c **** {
 595              		.loc 1 116 0
 596              		.cfi_startproc
 597 0000 80B5     		push	{r7, lr}
 598              	.LCFI11:
 599              		.cfi_def_cfa_offset 8
 600              		.cfi_offset 7, -8
 601              		.cfi_offset 14, -4
 602 0002 82B0     		sub	sp, sp, #8
 603              	.LCFI12:
 604              		.cfi_def_cfa_offset 16
 605 0004 00AF     		add	r7, sp, #0
 606              	.LCFI13:
 607              		.cfi_def_cfa_register 7
 608 0006 3960     		str	r1, [r7]
 609 0008 FB1D     		add	r3, r7, #7
 610 000a 011C     		add	r1, r0, #0
 611 000c 1970     		strb	r1, [r3]
 612 000e BB1D     		add	r3, r7, #6
 613 0010 1A70     		strb	r2, [r3]
 117:../Sources/TFC/TFC_LineScanCamera.c **** 	static uint8_t i;
 118:../Sources/TFC/TFC_LineScanCamera.c **** 
 119:../Sources/TFC/TFC_LineScanCamera.c **** 	for(i = (M-1); i > 0; --i)
 614              		.loc 1 119 0
 615 0012 BB1D     		add	r3, r7, #6
 616 0014 1B78     		ldrb	r3, [r3]
 617 0016 013B     		sub	r3, r3, #1
 618 0018 DAB2     		uxtb	r2, r3
 619 001a 234B     		ldr	r3, .L36
 620 001c 1A70     		strb	r2, [r3]
 621 001e 10E0     		b	.L32
 622              	.L33:
 120:../Sources/TFC/TFC_LineScanCamera.c **** 		y[i] = y[i - 1];
 623              		.loc 1 120 0
 624 0020 214B     		ldr	r3, .L36
 625 0022 1B78     		ldrb	r3, [r3]
 626 0024 3A68     		ldr	r2, [r7]
 627 0026 D318     		add	r3, r2, r3
 628 0028 1F4A     		ldr	r2, .L36
 629 002a 1278     		ldrb	r2, [r2]
 630 002c 013A     		sub	r2, r2, #1
 631 002e 3968     		ldr	r1, [r7]
 632 0030 8A18     		add	r2, r1, r2
 633 0032 1278     		ldrb	r2, [r2]
 634 0034 1A70     		strb	r2, [r3]
 119:../Sources/TFC/TFC_LineScanCamera.c **** 	for(i = (M-1); i > 0; --i)
 635              		.loc 1 119 0
 636 0036 1C4B     		ldr	r3, .L36
 637 0038 1B78     		ldrb	r3, [r3]
 638 003a 013B     		sub	r3, r3, #1
 639 003c DAB2     		uxtb	r2, r3
 640 003e 1A4B     		ldr	r3, .L36
 641 0040 1A70     		strb	r2, [r3]
 642              	.L32:
 119:../Sources/TFC/TFC_LineScanCamera.c **** 	for(i = (M-1); i > 0; --i)
 643              		.loc 1 119 0 is_stmt 0
 644 0042 194B     		ldr	r3, .L36
 645 0044 1B78     		ldrb	r3, [r3]
 646 0046 002B     		cmp	r3, #0
 647 0048 EAD1     		bne	.L33
 121:../Sources/TFC/TFC_LineScanCamera.c **** 
 122:../Sources/TFC/TFC_LineScanCamera.c **** 	y[0] = x;
 648              		.loc 1 122 0 is_stmt 1
 649 004a 3B68     		ldr	r3, [r7]
 650 004c FA1D     		add	r2, r7, #7
 651 004e 1278     		ldrb	r2, [r2]
 652 0050 1A70     		strb	r2, [r3]
 123:../Sources/TFC/TFC_LineScanCamera.c **** 
 124:../Sources/TFC/TFC_LineScanCamera.c **** 	for(i = 1; i < M; ++i)
 653              		.loc 1 124 0
 654 0052 154B     		ldr	r3, .L36
 655 0054 0122     		mov	r2, #1
 656 0056 1A70     		strb	r2, [r3]
 657 0058 10E0     		b	.L34
 658              	.L35:
 125:../Sources/TFC/TFC_LineScanCamera.c **** 		y[0] += y[i];
 659              		.loc 1 125 0
 660 005a 3B68     		ldr	r3, [r7]
 661 005c 1A78     		ldrb	r2, [r3]
 662 005e 124B     		ldr	r3, .L36
 663 0060 1B78     		ldrb	r3, [r3]
 664 0062 3968     		ldr	r1, [r7]
 665 0064 CB18     		add	r3, r1, r3
 666 0066 1B78     		ldrb	r3, [r3]
 667 0068 D318     		add	r3, r2, r3
 668 006a DAB2     		uxtb	r2, r3
 669 006c 3B68     		ldr	r3, [r7]
 670 006e 1A70     		strb	r2, [r3]
 124:../Sources/TFC/TFC_LineScanCamera.c **** 	for(i = 1; i < M; ++i)
 671              		.loc 1 124 0
 672 0070 0D4B     		ldr	r3, .L36
 673 0072 1B78     		ldrb	r3, [r3]
 674 0074 0133     		add	r3, r3, #1
 675 0076 DAB2     		uxtb	r2, r3
 676 0078 0B4B     		ldr	r3, .L36
 677 007a 1A70     		strb	r2, [r3]
 678              	.L34:
 124:../Sources/TFC/TFC_LineScanCamera.c **** 	for(i = 1; i < M; ++i)
 679              		.loc 1 124 0 is_stmt 0
 680 007c 0A4B     		ldr	r3, .L36
 681 007e 1B78     		ldrb	r3, [r3]
 682 0080 BA1D     		add	r2, r7, #6
 683 0082 1278     		ldrb	r2, [r2]
 684 0084 9A42     		cmp	r2, r3
 685 0086 E8D8     		bhi	.L35
 126:../Sources/TFC/TFC_LineScanCamera.c **** 
 127:../Sources/TFC/TFC_LineScanCamera.c **** 	y[0] /= M;
 686              		.loc 1 127 0 is_stmt 1
 687 0088 3B68     		ldr	r3, [r7]
 688 008a 1A78     		ldrb	r2, [r3]
 689 008c BB1D     		add	r3, r7, #6
 690 008e 1B78     		ldrb	r3, [r3]
 691 0090 101C     		mov	r0, r2
 692 0092 191C     		mov	r1, r3
 693 0094 FFF7FEFF 		bl	__aeabi_uidiv
 694 0098 031C     		mov	r3, r0
 695 009a DAB2     		uxtb	r2, r3
 696 009c 3B68     		ldr	r3, [r7]
 697 009e 1A70     		strb	r2, [r3]
 128:../Sources/TFC/TFC_LineScanCamera.c **** 
 129:../Sources/TFC/TFC_LineScanCamera.c **** }
 698              		.loc 1 129 0
 699 00a0 BD46     		mov	sp, r7
 700 00a2 02B0     		add	sp, sp, #8
 701              		@ sp needed for prologue
 702 00a4 80BD     		pop	{r7, pc}
 703              	.L37:
 704 00a6 C046     		.align	2
 705              	.L36:
 706 00a8 00000000 		.word	i.5997
 707              		.cfi_endproc
 708              	.LFE4:
 710              		.global	__aeabi_fsub
 711              		.section	.text.TFC_GetAngleToTrackCenter,"ax",%progbits
 712              		.align	2
 713              		.global	TFC_GetAngleToTrackCenter
 714              		.code	16
 715              		.thumb_func
 717              	TFC_GetAngleToTrackCenter:
 718              	.LFB5:
 130:../Sources/TFC/TFC_LineScanCamera.c **** 
 131:../Sources/TFC/TFC_LineScanCamera.c **** float TFC_GetAngleToTrackCenter(float center)
 132:../Sources/TFC/TFC_LineScanCamera.c **** {
 719              		.loc 1 132 0
 720              		.cfi_startproc
 721 0000 90B5     		push	{r4, r7, lr}
 722              	.LCFI14:
 723              		.cfi_def_cfa_offset 12
 724              		.cfi_offset 4, -12
 725              		.cfi_offset 7, -8
 726              		.cfi_offset 14, -4
 727 0002 85B0     		sub	sp, sp, #20
 728              	.LCFI15:
 729              		.cfi_def_cfa_offset 32
 730 0004 00AF     		add	r7, sp, #0
 731              	.LCFI16:
 732              		.cfi_def_cfa_register 7
 733 0006 7860     		str	r0, [r7, #4]
 133:../Sources/TFC/TFC_LineScanCamera.c **** 	float difference_distance = (center - CAMERA_AIM_POINT_FLOAT)*INDEX_DISTANCE;
 734              		.loc 1 133 0
 735 0008 1D4B     		ldr	r3, .L40+24
 736 000a 1B68     		ldr	r3, [r3]
 737 000c 7868     		ldr	r0, [r7, #4]
 738 000e 191C     		add	r1, r3, #0
 739 0010 FFF7FEFF 		bl	__aeabi_fsub
 740 0014 031C     		add	r3, r0, #0
 741 0016 FB60     		str	r3, [r7, #12]
 134:../Sources/TFC/TFC_LineScanCamera.c **** 
 135:../Sources/TFC/TFC_LineScanCamera.c **** 	//2*(1.0f - (track_center_index / CAMERA_AIM_POINT_FLOAT))
 136:../Sources/TFC/TFC_LineScanCamera.c **** 
 137:../Sources/TFC/TFC_LineScanCamera.c **** 	return RTD( atan2(difference_distance, CAMERA_HORIZONTAL_DISTANCE) );
 742              		.loc 1 137 0
 743 0018 F868     		ldr	r0, [r7, #12]
 744 001a FFF7FEFF 		bl	__aeabi_f2d
 745 001e 0A1C     		mov	r2, r1
 746 0020 011C     		mov	r1, r0
 747 0022 124C     		ldr	r4, .L40+4
 748 0024 104B     		ldr	r3, .L40
 749 0026 081C     		mov	r0, r1
 750 0028 111C     		mov	r1, r2
 751 002a 1A1C     		mov	r2, r3
 752 002c 231C     		mov	r3, r4
 753 002e FFF7FEFF 		bl	atan2
 754 0032 031C     		mov	r3, r0
 755 0034 0C1C     		mov	r4, r1
 756 0036 181C     		mov	r0, r3
 757 0038 211C     		mov	r1, r4
 758 003a 0D4A     		ldr	r2, .L40+8
 759 003c 0D4B     		ldr	r3, .L40+12
 760 003e FFF7FEFF 		bl	__aeabi_dmul
 761 0042 031C     		mov	r3, r0
 762 0044 0C1C     		mov	r4, r1
 763 0046 181C     		mov	r0, r3
 764 0048 211C     		mov	r1, r4
 765 004a 0B4A     		ldr	r2, .L40+16
 766 004c 0B4B     		ldr	r3, .L40+20
 767 004e FFF7FEFF 		bl	__aeabi_ddiv
 768 0052 031C     		mov	r3, r0
 769 0054 0C1C     		mov	r4, r1
 770 0056 181C     		mov	r0, r3
 771 0058 211C     		mov	r1, r4
 772 005a FFF7FEFF 		bl	__aeabi_d2f
 773 005e 031C     		add	r3, r0, #0
 138:../Sources/TFC/TFC_LineScanCamera.c **** }
 774              		.loc 1 138 0
 775 0060 181C     		add	r0, r3, #0
 776 0062 BD46     		mov	sp, r7
 777 0064 05B0     		add	sp, sp, #20
 778              		@ sp needed for prologue
 779 0066 90BD     		pop	{r4, r7, pc}
 780              	.L41:
 781              		.align	3
 782              	.L40:
 783 0068 00000000 		.word	0
 784 006c 00003E40 		.word	1077805056
 785 0070 00000000 		.word	0
 786 0074 00806640 		.word	1080459264
 787 0078 1E264454 		.word	1413752350
 788 007c FB210940 		.word	1074340347
 789 0080 00000000 		.word	CAMERA_AIM_POINT_FLOAT
 790              		.cfi_endproc
 791              	.LFE5:
 793 0084 C046C046 		.section	.rodata
 794              		.align	2
 795              	.LC21:
 796 0000 25730D0A 		.ascii	"%s\015\012\000"
 796      00
 797 0005 000000   		.section	.text.TFC_PrintTrackString,"ax",%progbits
 798              		.align	2
 799              		.global	TFC_PrintTrackString
 800              		.code	16
 801              		.thumb_func
 803              	TFC_PrintTrackString:
 804              	.LFB6:
 139:../Sources/TFC/TFC_LineScanCamera.c **** 
 140:../Sources/TFC/TFC_LineScanCamera.c **** void TFC_PrintTrackString(uint8* TrackString)
 141:../Sources/TFC/TFC_LineScanCamera.c **** {
 805              		.loc 1 141 0
 806              		.cfi_startproc
 807 0000 80B5     		push	{r7, lr}
 808              	.LCFI17:
 809              		.cfi_def_cfa_offset 8
 810              		.cfi_offset 7, -8
 811              		.cfi_offset 14, -4
 812 0002 82B0     		sub	sp, sp, #8
 813              	.LCFI18:
 814              		.cfi_def_cfa_offset 16
 815 0004 00AF     		add	r7, sp, #0
 816              	.LCFI19:
 817              		.cfi_def_cfa_register 7
 818 0006 7860     		str	r0, [r7, #4]
 142:../Sources/TFC/TFC_LineScanCamera.c **** 	TERMINAL_PRINTF("%s\r\n", TrackString);
 819              		.loc 1 142 0
 820 0008 0549     		ldr	r1, .L43
 821 000a 064A     		ldr	r2, .L43+4
 822 000c 7B68     		ldr	r3, [r7, #4]
 823 000e 081C     		mov	r0, r1
 824 0010 111C     		mov	r1, r2
 825 0012 1A1C     		mov	r2, r3
 826 0014 FFF7FEFF 		bl	Qprintf
 143:../Sources/TFC/TFC_LineScanCamera.c **** }
 827              		.loc 1 143 0
 828 0018 BD46     		mov	sp, r7
 829 001a 02B0     		add	sp, sp, #8
 830              		@ sp needed for prologue
 831 001c 80BD     		pop	{r7, pc}
 832              	.L44:
 833 001e C046     		.align	2
 834              	.L43:
 835 0020 00000000 		.word	SDA_SERIAL_OUTGOING_QUEUE
 836 0024 00000000 		.word	.LC21
 837              		.cfi_endproc
 838              	.LFE6:
 840              		.section	.bss.i.5997,"aw",%nobits
 843              	i.5997:
 844 0000 00       		.space	1
 845              		.section	.bss.result.5988,"aw",%nobits
 846              		.align	2
 849              	result.5988:
 850 0000 00000000 		.space	4
 851              		.section	.bss.i.5987,"aw",%nobits
 854              	i.5987:
 855 0000 00       		.space	1
 856              		.section	.bss.WhiteThresh.5968,"aw",%nobits
 859              	WhiteThresh.5968:
 860 0000 00       		.space	1
 861              		.section	.bss.i.5967,"aw",%nobits
 862              		.align	2
 865              	i.5967:
 866 0000 00000000 		.space	4
 867              		.section	.bss.Edge_Left.5969,"aw",%nobits
 870              	Edge_Left.5969:
 871 0000 00       		.space	1
 872              		.section	.bss.Edge_Right.5970,"aw",%nobits
 875              	Edge_Right.5970:
 876 0000 00       		.space	1
 877              		.text
 878              	.Letext0:
 879              		.file 2 "F:/CW MCU v10.6/MCU/ARM_GCC_Support/ewl/EWL_C/include/cstdint"
 880              		.file 3 "F:/FreeScale/Projects/TFC_Project/FRDM-TFC/Project_Headers/MKL25Z4.h"
 881              		.file 4 "F:/FreeScale/Projects/TFC_Project/FRDM-TFC/Project_Headers/TFC\\TFC_arm_cm0.h"
 882              		.file 5 "F:/FreeScale/Projects/TFC_Project/FRDM-TFC/Project_Headers/TFC\\TFC_Queue.h"
 883              		.file 6 "F:/FreeScale/Projects/TFC_Project/FRDM-TFC/Project_Headers/TFC\\TFC_UART.h"
 884              		.file 7 "F:/FreeScale/Projects/TFC_Project/FRDM-TFC/Project_Headers/TFC\\TFC.h"
DEFINED SYMBOLS
                            *ABS*:00000000 TFC_LineScanCamera.c
                            *COM*:00000004 LineScanImage0WorkingBuffer
                            *COM*:00000004 LineScanImage1WorkingBuffer
                            *COM*:00000004 LineScanImage0
                            *COM*:00000004 LineScanImage1
                            *COM*:00000200 LineScanImage0Buffer
                            *COM*:00000200 LineScanImage1Buffer
                            *COM*:00000001 LineScanWorkingBuffer
C:\Users\GOLGIR~1\AppData\Local\Temp\ccXNJQn8.s:28     .bss.LineScanImageReady:00000000 LineScanImageReady
C:\Users\GOLGIR~1\AppData\Local\Temp\ccXNJQn8.s:29     .bss.LineScanImageReady:00000000 $d
                            *COM*:00000006 moving_buffer_setpoint
C:\Users\GOLGIR~1\AppData\Local\Temp\ccXNJQn8.s:32     .text.TFC_InitLineScanCamera:00000000 $t
C:\Users\GOLGIR~1\AppData\Local\Temp\ccXNJQn8.s:37     .text.TFC_InitLineScanCamera:00000000 TFC_InitLineScanCamera
C:\Users\GOLGIR~1\AppData\Local\Temp\ccXNJQn8.s:127    .text.TFC_InitLineScanCamera:00000078 $d
C:\Users\GOLGIR~1\AppData\Local\Temp\ccXNJQn8.s:151    .text.TFC_SetLineScanExposureTime:00000000 $t
C:\Users\GOLGIR~1\AppData\Local\Temp\ccXNJQn8.s:156    .text.TFC_SetLineScanExposureTime:00000000 TFC_SetLineScanExposureTime
C:\Users\GOLGIR~1\AppData\Local\Temp\ccXNJQn8.s:213    .text.TFC_SetLineScanExposureTime:00000058 $d
C:\Users\GOLGIR~1\AppData\Local\Temp\ccXNJQn8.s:229    .text.TFC_LineScanImageToDigital:00000000 $t
C:\Users\GOLGIR~1\AppData\Local\Temp\ccXNJQn8.s:234    .text.TFC_LineScanImageToDigital:00000000 TFC_LineScanImageToDigital
C:\Users\GOLGIR~1\AppData\Local\Temp\ccXNJQn8.s:479    .text.TFC_LineScanImageToDigital:00000190 $d
C:\Users\GOLGIR~1\AppData\Local\Temp\ccXNJQn8.s:859    .bss.WhiteThresh.5968:00000000 WhiteThresh.5968
C:\Users\GOLGIR~1\AppData\Local\Temp\ccXNJQn8.s:865    .bss.i.5967:00000000 i.5967
C:\Users\GOLGIR~1\AppData\Local\Temp\ccXNJQn8.s:870    .bss.Edge_Left.5969:00000000 Edge_Left.5969
C:\Users\GOLGIR~1\AppData\Local\Temp\ccXNJQn8.s:875    .bss.Edge_Right.5970:00000000 Edge_Right.5970
C:\Users\GOLGIR~1\AppData\Local\Temp\ccXNJQn8.s:493    .text.TFC_TransferFunction:00000000 $t
C:\Users\GOLGIR~1\AppData\Local\Temp\ccXNJQn8.s:498    .text.TFC_TransferFunction:00000000 TFC_TransferFunction
C:\Users\GOLGIR~1\AppData\Local\Temp\ccXNJQn8.s:581    .text.TFC_TransferFunction:0000007c $d
C:\Users\GOLGIR~1\AppData\Local\Temp\ccXNJQn8.s:849    .bss.result.5988:00000000 result.5988
C:\Users\GOLGIR~1\AppData\Local\Temp\ccXNJQn8.s:854    .bss.i.5987:00000000 i.5987
C:\Users\GOLGIR~1\AppData\Local\Temp\ccXNJQn8.s:588    .text.TFC_MovingAverage:00000000 $t
C:\Users\GOLGIR~1\AppData\Local\Temp\ccXNJQn8.s:593    .text.TFC_MovingAverage:00000000 TFC_MovingAverage
C:\Users\GOLGIR~1\AppData\Local\Temp\ccXNJQn8.s:706    .text.TFC_MovingAverage:000000a8 $d
C:\Users\GOLGIR~1\AppData\Local\Temp\ccXNJQn8.s:843    .bss.i.5997:00000000 i.5997
C:\Users\GOLGIR~1\AppData\Local\Temp\ccXNJQn8.s:712    .text.TFC_GetAngleToTrackCenter:00000000 $t
C:\Users\GOLGIR~1\AppData\Local\Temp\ccXNJQn8.s:717    .text.TFC_GetAngleToTrackCenter:00000000 TFC_GetAngleToTrackCenter
C:\Users\GOLGIR~1\AppData\Local\Temp\ccXNJQn8.s:783    .text.TFC_GetAngleToTrackCenter:00000068 $d
C:\Users\GOLGIR~1\AppData\Local\Temp\ccXNJQn8.s:794    .rodata:00000000 $d
C:\Users\GOLGIR~1\AppData\Local\Temp\ccXNJQn8.s:798    .text.TFC_PrintTrackString:00000000 $t
C:\Users\GOLGIR~1\AppData\Local\Temp\ccXNJQn8.s:803    .text.TFC_PrintTrackString:00000000 TFC_PrintTrackString
C:\Users\GOLGIR~1\AppData\Local\Temp\ccXNJQn8.s:835    .text.TFC_PrintTrackString:00000020 $d
C:\Users\GOLGIR~1\AppData\Local\Temp\ccXNJQn8.s:844    .bss.i.5997:00000000 $d
C:\Users\GOLGIR~1\AppData\Local\Temp\ccXNJQn8.s:846    .bss.result.5988:00000000 $d
C:\Users\GOLGIR~1\AppData\Local\Temp\ccXNJQn8.s:855    .bss.i.5987:00000000 $d
C:\Users\GOLGIR~1\AppData\Local\Temp\ccXNJQn8.s:860    .bss.WhiteThresh.5968:00000000 $d
C:\Users\GOLGIR~1\AppData\Local\Temp\ccXNJQn8.s:862    .bss.i.5967:00000000 $d
C:\Users\GOLGIR~1\AppData\Local\Temp\ccXNJQn8.s:871    .bss.Edge_Left.5969:00000000 $d
C:\Users\GOLGIR~1\AppData\Local\Temp\ccXNJQn8.s:876    .bss.Edge_Right.5970:00000000 $d
                     .debug_frame:00000010 $d
C:\Users\GOLGIR~1\AppData\Local\Temp\ccXNJQn8.s:228    .text.TFC_SetLineScanExposureTime:0000006c $t
C:\Users\GOLGIR~1\AppData\Local\Temp\ccXNJQn8.s:492    .text.TFC_LineScanImageToDigital:000001b4 $t
C:\Users\GOLGIR~1\AppData\Local\Temp\ccXNJQn8.s:793    .text.TFC_GetAngleToTrackCenter:00000084 $t

UNDEFINED SYMBOLS
__aeabi_ui2d
__aeabi_ddiv
__aeabi_dmul
__aeabi_d2f
__aeabi_f2uiz
__aeabi_fadd
__aeabi_fmul
__aeabi_f2d
__aeabi_d2uiz
__aeabi_uidiv
__aeabi_i2f
__aeabi_fdiv
TFC_ReadPot
NUM_PIXELS
__aeabi_ui2f
__aeabi_fsub
atan2
CAMERA_AIM_POINT_FLOAT
Qprintf
SDA_SERIAL_OUTGOING_QUEUE
