   1              		.cpu cortex-m0
   2              		.fpu softvfp
   3              		.eabi_attribute 20, 1
   4              		.eabi_attribute 21, 1
   5              		.eabi_attribute 23, 3
   6              		.eabi_attribute 24, 1
   7              		.eabi_attribute 25, 1
   8              		.eabi_attribute 26, 1
   9              		.eabi_attribute 30, 6
  10              		.eabi_attribute 34, 0
  11              		.eabi_attribute 18, 4
  12              		.code	16
  13              		.file	"TFC_Terminal.c"
  14              		.text
  15              	.Ltext0:
  16              		.cfi_sections	.debug_frame
  17              		.global	MyTerminalCallbackRecords
  18              		.section	.rodata
  19              		.align	2
  20              	.LC0:
  21 0000 68656C70 		.ascii	"help\000"
  21      00
  22 0005 000000   		.align	2
  23              	.LC1:
  24 0008 4C697374 		.ascii	"Lists available commands\000"
  24      73206176 
  24      61696C61 
  24      626C6520 
  24      636F6D6D 
  25 0021 000000   		.align	2
  26              	.LC2:
  27 0024 4C00     		.ascii	"L\000"
  28 0026 0000     		.align	2
  29              	.LC3:
  30 0028 44697370 		.ascii	"Displays linescan camera data\000"
  30      6C617973 
  30      206C696E 
  30      65736361 
  30      6E206361 
  31 0046 0000     		.align	2
  32              	.LC4:
  33 0048 5300     		.ascii	"S\000"
  34 004a 0000     		.align	2
  35              	.LC5:
  36 004c 436F6D6D 		.ascii	"Commands the servos to a position\000"
  36      616E6473 
  36      20746865 
  36      20736572 
  36      766F7320 
  37 006e 0000     		.align	2
  38              	.LC6:
  39 0070 4800     		.ascii	"H\000"
  40 0072 0000     		.align	2
  41              	.LC7:
  42 0074 436F6D6D 		.ascii	"Commands the H-Bridges\000"
  42      616E6473 
  42      20746865 
  42      20482D42 
  42      72696467 
  43 008b 00       		.align	2
  44              	.LC8:
  45 008c 4500     		.ascii	"E\000"
  46 008e 0000     		.align	2
  47              	.LC9:
  48 0090 456E6162 		.ascii	"Enables the H-Bridges\000"
  48      6C657320 
  48      74686520 
  48      482D4272 
  48      69646765 
  49 00a6 0000     		.align	2
  50              	.LC10:
  51 00a8 4400     		.ascii	"D\000"
  52 00aa 0000     		.align	2
  53              	.LC11:
  54 00ac 44697361 		.ascii	"Disables the H-Bridges\000"
  54      626C6573 
  54      20746865 
  54      20482D42 
  54      72696467 
  55 00c3 00       		.align	2
  56              	.LC12:
  57 00c4 3100     		.ascii	"1\000"
  58 00c6 0000     		.align	2
  59              	.LC13:
  60 00c8 46756C6C 		.ascii	"Full speed\000"
  60      20737065 
  60      656400
  61 00d3 00       		.align	2
  62              	.LC14:
  63 00d4 3000     		.ascii	"0\000"
  64 00d6 0000     		.align	2
  65              	.LC15:
  66 00d8 53746F70 		.ascii	"Stop\000"
  66      00
  67              		.section	.data.MyTerminalCallbackRecords,"aw",%progbits
  68              		.align	2
  71              	MyTerminalCallbackRecords:
  72 0000 00000000 		.word	.LC0
  73 0004 00000000 		.word	TerminalCmd_Help
  74 0008 08000000 		.word	.LC1
  75 000c 24000000 		.word	.LC2
  76 0010 00000000 		.word	TerminalCmd_GetLineScan
  77 0014 28000000 		.word	.LC3
  78 0018 48000000 		.word	.LC4
  79 001c 00000000 		.word	TerminalCmd_S
  80 0020 4C000000 		.word	.LC5
  81 0024 70000000 		.word	.LC6
  82 0028 00000000 		.word	TerminalCmd_H
  83 002c 74000000 		.word	.LC7
  84 0030 8C000000 		.word	.LC8
  85 0034 00000000 		.word	TerminalCmd_E
  86 0038 90000000 		.word	.LC9
  87 003c A8000000 		.word	.LC10
  88 0040 00000000 		.word	TerminalCmd_D
  89 0044 AC000000 		.word	.LC11
  90 0048 C4000000 		.word	.LC12
  91 004c 00000000 		.word	TerminalCmd_1
  92 0050 C8000000 		.word	.LC13
  93 0054 D4000000 		.word	.LC14
  94 0058 00000000 		.word	TerminalCmd_0
  95 005c D8000000 		.word	.LC15
  96              		.comm	TerminalLineBuf,64,4
  97              		.comm	TerminalPos,1,1
  98              		.comm	TerminalCmdBuf,33,4
  99              		.comm	TerminalArgs,32,4
 100              		.comm	NextCharIn,1,1
 101              		.comm	CmdFound,1,1
 102              		.section	.rodata
 103 00dd 000000   		.align	2
 104              	.LC17:
 105 00e0 0D0A0D0A 		.ascii	"\015\012\015\012\000"
 105      00
 106 00e5 000000   		.align	2
 107              	.LC19:
 108 00e8 2A2A2A2A 		.ascii	"***********************************\015\012\000"
 108      2A2A2A2A 
 108      2A2A2A2A 
 108      2A2A2A2A 
 108      2A2A2A2A 
 109 010e 0000     		.align	2
 110              	.LC21:
 111 0110 4652444D 		.ascii	"FRDM-TFC\011\011           \015\012\000"
 111      2D544643 
 111      09092020 
 111      20202020 
 111      20202020 
 112              		.align	2
 113              	.LC23:
 114 0128 436F7079 		.ascii	"Copyright (C) <2013>  Eli Hughes\015\012\000"
 114      72696768 
 114      74202843 
 114      29203C32 
 114      3031333E 
 115 014b 00       		.align	2
 116              	.LC25:
 117 014c 57617665 		.ascii	"Wavenumber LLC\015\012\000"
 117      6E756D62 
 117      6572204C 
 117      4C430D0A 
 117      00
 118 015d 000000   		.align	2
 119              	.LC27:
 120 0160 2A2A2A2A 		.ascii	"***********************************\015\012\015\012"
 120      2A2A2A2A 
 120      2A2A2A2A 
 120      2A2A2A2A 
 120      2A2A2A2A 
 121 0187 3E00     		.ascii	">\000"
 122              		.section	.text.TerminalBootMsg,"ax",%progbits
 123              		.align	2
 124              		.global	TerminalBootMsg
 125              		.code	16
 126              		.thumb_func
 128              	TerminalBootMsg:
 129              	.LFB0:
 130              		.file 1 "../Sources/TFC/TFC_Terminal.c"
   1:../Sources/TFC/TFC_Terminal.c **** #include "TFC\TFC.h"
   2:../Sources/TFC/TFC_Terminal.c **** 
   3:../Sources/TFC/TFC_Terminal.c **** 
   4:../Sources/TFC/TFC_Terminal.c **** //*****************************************************************
   5:../Sources/TFC/TFC_Terminal.c **** //Terminal Configuration
   6:../Sources/TFC/TFC_Terminal.c **** //*****************************************************************
   7:../Sources/TFC/TFC_Terminal.c **** 
   8:../Sources/TFC/TFC_Terminal.c **** #define MAX_TERMINAL_LINE_CHARS 64
   9:../Sources/TFC/TFC_Terminal.c **** #define MAX_TERMINAL_CMD_CHARS  32
  10:../Sources/TFC/TFC_Terminal.c **** 
  11:../Sources/TFC/TFC_Terminal.c **** 
  12:../Sources/TFC/TFC_Terminal.c **** typedef void (*TerminalCallback)(char *);
  13:../Sources/TFC/TFC_Terminal.c **** 
  14:../Sources/TFC/TFC_Terminal.c **** 
  15:../Sources/TFC/TFC_Terminal.c **** typedef struct 
  16:../Sources/TFC/TFC_Terminal.c **** {
  17:../Sources/TFC/TFC_Terminal.c **** 	const char *CommandString;
  18:../Sources/TFC/TFC_Terminal.c **** 	TerminalCallback Callback;
  19:../Sources/TFC/TFC_Terminal.c **** 	const char *HelpString;
  20:../Sources/TFC/TFC_Terminal.c **** 		
  21:../Sources/TFC/TFC_Terminal.c **** } TerminalCallbackRecord;
  22:../Sources/TFC/TFC_Terminal.c **** 
  23:../Sources/TFC/TFC_Terminal.c **** //Callback function prototypes
  24:../Sources/TFC/TFC_Terminal.c **** void TerminalCmd_Help(char *arg);
  25:../Sources/TFC/TFC_Terminal.c **** void TerminalCmd_Reboot(char *arg);
  26:../Sources/TFC/TFC_Terminal.c **** void TerminalCmd_GetLineScan(char *arg);
  27:../Sources/TFC/TFC_Terminal.c **** void TerminalCmd_S(char *arg);
  28:../Sources/TFC/TFC_Terminal.c **** void TerminalCmd_H(char *arg);
  29:../Sources/TFC/TFC_Terminal.c **** void TerminalCmd_E(char *arg);
  30:../Sources/TFC/TFC_Terminal.c **** void TerminalCmd_D(char *arg);
  31:../Sources/TFC/TFC_Terminal.c **** void TerminalCmd_1(char *arg);
  32:../Sources/TFC/TFC_Terminal.c **** void TerminalCmd_0(char *arg);
  33:../Sources/TFC/TFC_Terminal.c **** //Populate this array with the callback functions and their terminal command string
  34:../Sources/TFC/TFC_Terminal.c **** TerminalCallbackRecord MyTerminalCallbackRecords[] ={	{"help",TerminalCmd_Help,"Lists available com
  35:../Sources/TFC/TFC_Terminal.c ****                                                         {"L",TerminalCmd_GetLineScan,"Displays line
  36:../Sources/TFC/TFC_Terminal.c ****                                                         {"S",TerminalCmd_S,"Commands the servos to 
  37:../Sources/TFC/TFC_Terminal.c ****                                                         {"H", TerminalCmd_H,"Commands the H-Bridges
  38:../Sources/TFC/TFC_Terminal.c **** 														{"E",TerminalCmd_E, "Enables the H-Bridges"},
  39:../Sources/TFC/TFC_Terminal.c **** 														{"D",TerminalCmd_D, "Disables the H-Bridges"},
  40:../Sources/TFC/TFC_Terminal.c **** 														{"1", TerminalCmd_1, "Full speed"},
  41:../Sources/TFC/TFC_Terminal.c **** 														{"0", TerminalCmd_0, "Stop"}
  42:../Sources/TFC/TFC_Terminal.c ****                                                         };
  43:../Sources/TFC/TFC_Terminal.c **** 
  44:../Sources/TFC/TFC_Terminal.c **** //*****************************************************************
  45:../Sources/TFC/TFC_Terminal.c **** //Plumbing.....
  46:../Sources/TFC/TFC_Terminal.c **** //*****************************************************************
  47:../Sources/TFC/TFC_Terminal.c **** 
  48:../Sources/TFC/TFC_Terminal.c **** #define NUM_TERMINAL_COMMANDS  (sizeof(MyTerminalCallbackRecords)/sizeof(TerminalCallbackRecord))
  49:../Sources/TFC/TFC_Terminal.c **** 
  50:../Sources/TFC/TFC_Terminal.c **** char TerminalLineBuf[MAX_TERMINAL_LINE_CHARS];
  51:../Sources/TFC/TFC_Terminal.c **** uint8_t TerminalPos;
  52:../Sources/TFC/TFC_Terminal.c **** char TerminalCmdBuf[MAX_TERMINAL_CMD_CHARS+1];
  53:../Sources/TFC/TFC_Terminal.c **** char TerminalArgs[MAX_TERMINAL_LINE_CHARS-MAX_TERMINAL_CMD_CHARS];
  54:../Sources/TFC/TFC_Terminal.c **** uint8_t NextCharIn;
  55:../Sources/TFC/TFC_Terminal.c **** uint8_t CmdFound;
  56:../Sources/TFC/TFC_Terminal.c ****  
  57:../Sources/TFC/TFC_Terminal.c **** void TerminalBootMsg()
  58:../Sources/TFC/TFC_Terminal.c **** {
 131              		.loc 1 58 0
 132              		.cfi_startproc
 133 0000 80B5     		push	{r7, lr}
 134              	.LCFI0:
 135              		.cfi_def_cfa_offset 8
 136              		.cfi_offset 7, -8
 137              		.cfi_offset 14, -4
 138 0002 00AF     		add	r7, sp, #0
 139              	.LCFI1:
 140              		.cfi_def_cfa_register 7
  59:../Sources/TFC/TFC_Terminal.c **** 
  60:../Sources/TFC/TFC_Terminal.c **** TERMINAL_PRINTF("\r\n\r\n"); 
 141              		.loc 1 60 0
 142 0004 124A     		ldr	r2, .L2
 143 0006 134B     		ldr	r3, .L2+4
 144 0008 101C     		mov	r0, r2
 145 000a 191C     		mov	r1, r3
 146 000c FFF7FEFF 		bl	Qprintf
  61:../Sources/TFC/TFC_Terminal.c **** TERMINAL_PRINTF("***********************************\r\n"); 
 147              		.loc 1 61 0
 148 0010 0F4A     		ldr	r2, .L2
 149 0012 114B     		ldr	r3, .L2+8
 150 0014 101C     		mov	r0, r2
 151 0016 191C     		mov	r1, r3
 152 0018 FFF7FEFF 		bl	Qprintf
  62:../Sources/TFC/TFC_Terminal.c **** TERMINAL_PRINTF("FRDM-TFC		           \r\n");
 153              		.loc 1 62 0
 154 001c 0C4A     		ldr	r2, .L2
 155 001e 0F4B     		ldr	r3, .L2+12
 156 0020 101C     		mov	r0, r2
 157 0022 191C     		mov	r1, r3
 158 0024 FFF7FEFF 		bl	Qprintf
  63:../Sources/TFC/TFC_Terminal.c **** TERMINAL_PRINTF("Copyright (C) <2013>  Eli Hughes\r\n");
 159              		.loc 1 63 0
 160 0028 094A     		ldr	r2, .L2
 161 002a 0D4B     		ldr	r3, .L2+16
 162 002c 101C     		mov	r0, r2
 163 002e 191C     		mov	r1, r3
 164 0030 FFF7FEFF 		bl	Qprintf
  64:../Sources/TFC/TFC_Terminal.c **** TERMINAL_PRINTF("Wavenumber LLC\r\n"); 
 165              		.loc 1 64 0
 166 0034 064A     		ldr	r2, .L2
 167 0036 0B4B     		ldr	r3, .L2+20
 168 0038 101C     		mov	r0, r2
 169 003a 191C     		mov	r1, r3
 170 003c FFF7FEFF 		bl	Qprintf
  65:../Sources/TFC/TFC_Terminal.c **** TERMINAL_PRINTF("***********************************\r\n\r\n>"); 
 171              		.loc 1 65 0
 172 0040 034A     		ldr	r2, .L2
 173 0042 094B     		ldr	r3, .L2+24
 174 0044 101C     		mov	r0, r2
 175 0046 191C     		mov	r1, r3
 176 0048 FFF7FEFF 		bl	Qprintf
  66:../Sources/TFC/TFC_Terminal.c **** 
  67:../Sources/TFC/TFC_Terminal.c **** }
 177              		.loc 1 67 0
 178 004c BD46     		mov	sp, r7
 179              		@ sp needed for prologue
 180 004e 80BD     		pop	{r7, pc}
 181              	.L3:
 182              		.align	2
 183              	.L2:
 184 0050 00000000 		.word	SDA_SERIAL_OUTGOING_QUEUE
 185 0054 E0000000 		.word	.LC17
 186 0058 E8000000 		.word	.LC19
 187 005c 10010000 		.word	.LC21
 188 0060 28010000 		.word	.LC23
 189 0064 4C010000 		.word	.LC25
 190 0068 60010000 		.word	.LC27
 191              		.cfi_endproc
 192              	.LFE0:
 194              		.section	.text.TFC_InitTerminal,"ax",%progbits
 195              		.align	2
 196              		.global	TFC_InitTerminal
 197              		.code	16
 198              		.thumb_func
 200              	TFC_InitTerminal:
 201              	.LFB1:
  68:../Sources/TFC/TFC_Terminal.c **** 
  69:../Sources/TFC/TFC_Terminal.c **** void TFC_InitTerminal()
  70:../Sources/TFC/TFC_Terminal.c **** {
 202              		.loc 1 70 0
 203              		.cfi_startproc
 204 0000 80B5     		push	{r7, lr}
 205              	.LCFI2:
 206              		.cfi_def_cfa_offset 8
 207              		.cfi_offset 7, -8
 208              		.cfi_offset 14, -4
 209 0002 00AF     		add	r7, sp, #0
 210              	.LCFI3:
 211              		.cfi_def_cfa_register 7
  71:../Sources/TFC/TFC_Terminal.c **** 	TerminalPos = 0;
 212              		.loc 1 71 0
 213 0004 044B     		ldr	r3, .L5
 214 0006 0022     		mov	r2, #0
 215 0008 1A70     		strb	r2, [r3]
  72:../Sources/TFC/TFC_Terminal.c **** 	CmdFound = 0;
 216              		.loc 1 72 0
 217 000a 044B     		ldr	r3, .L5+4
 218 000c 0022     		mov	r2, #0
 219 000e 1A70     		strb	r2, [r3]
  73:../Sources/TFC/TFC_Terminal.c ****     TerminalBootMsg();
 220              		.loc 1 73 0
 221 0010 FFF7FEFF 		bl	TerminalBootMsg
  74:../Sources/TFC/TFC_Terminal.c **** }
 222              		.loc 1 74 0
 223 0014 BD46     		mov	sp, r7
 224              		@ sp needed for prologue
 225 0016 80BD     		pop	{r7, pc}
 226              	.L6:
 227              		.align	2
 228              	.L5:
 229 0018 00000000 		.word	TerminalPos
 230 001c 00000000 		.word	CmdFound
 231              		.cfi_endproc
 232              	.LFE1:
 234              		.section	.rodata
 235 0189 000000   		.align	2
 236              	.LC32:
 237 018c 0D0A0D0A 		.ascii	"\015\012\015\012Command List:\015\012\000"
 237      436F6D6D 
 237      616E6420 
 237      4C697374 
 237      3A0D0A00 
 238              		.align	2
 239              	.LC34:
 240 01a0 2D2D2D2D 		.ascii	"----------------------\015\012\000"
 240      2D2D2D2D 
 240      2D2D2D2D 
 240      2D2D2D2D 
 240      2D2D2D2D 
 241 01b9 000000   		.align	2
 242              	.LC37:
 243 01bc 25732020 		.ascii	"%s  ---->  %s\015\012\000"
 243      2D2D2D2D 
 243      3E202025 
 243      730D0A00 
 244              		.section	.text.TerminalCmd_Help,"ax",%progbits
 245              		.align	2
 246              		.global	TerminalCmd_Help
 247              		.code	16
 248              		.thumb_func
 250              	TerminalCmd_Help:
 251              	.LFB2:
  75:../Sources/TFC/TFC_Terminal.c **** 
  76:../Sources/TFC/TFC_Terminal.c **** void TerminalCmd_Help(char *arg)
  77:../Sources/TFC/TFC_Terminal.c **** {
 252              		.loc 1 77 0
 253              		.cfi_startproc
 254 0000 90B5     		push	{r4, r7, lr}
 255              	.LCFI4:
 256              		.cfi_def_cfa_offset 12
 257              		.cfi_offset 4, -12
 258              		.cfi_offset 7, -8
 259              		.cfi_offset 14, -4
 260 0002 85B0     		sub	sp, sp, #20
 261              	.LCFI5:
 262              		.cfi_def_cfa_offset 32
 263 0004 00AF     		add	r7, sp, #0
 264              	.LCFI6:
 265              		.cfi_def_cfa_register 7
 266 0006 7860     		str	r0, [r7, #4]
  78:../Sources/TFC/TFC_Terminal.c ****     uint8_t i;
  79:../Sources/TFC/TFC_Terminal.c **** 
  80:../Sources/TFC/TFC_Terminal.c ****     TERMINAL_PRINTF("\r\n\r\nCommand List:\r\n");
 267              		.loc 1 80 0
 268 0008 204A     		ldr	r2, .L10
 269 000a 214B     		ldr	r3, .L10+4
 270 000c 101C     		mov	r0, r2
 271 000e 191C     		mov	r1, r3
 272 0010 FFF7FEFF 		bl	Qprintf
  81:../Sources/TFC/TFC_Terminal.c ****     TERMINAL_PRINTF("----------------------\r\n");
 273              		.loc 1 81 0
 274 0014 1D4A     		ldr	r2, .L10
 275 0016 1F4B     		ldr	r3, .L10+8
 276 0018 101C     		mov	r0, r2
 277 001a 191C     		mov	r1, r3
 278 001c FFF7FEFF 		bl	Qprintf
  82:../Sources/TFC/TFC_Terminal.c **** 
  83:../Sources/TFC/TFC_Terminal.c ****     for(i=0;i<NUM_TERMINAL_COMMANDS;i++)
 279              		.loc 1 83 0
 280 0020 3B1C     		mov	r3, r7
 281 0022 0F33     		add	r3, r3, #15
 282 0024 0022     		mov	r2, #0
 283 0026 1A70     		strb	r2, [r3]
 284 0028 21E0     		b	.L8
 285              	.L9:
  84:../Sources/TFC/TFC_Terminal.c ****     {
  85:../Sources/TFC/TFC_Terminal.c ****          TERMINAL_PRINTF("%s  ---->  %s\r\n",MyTerminalCallbackRecords[i].CommandString,MyTerminalC
 286              		.loc 1 85 0
 287 002a 3B1C     		mov	r3, r7
 288 002c 0F33     		add	r3, r3, #15
 289 002e 1A78     		ldrb	r2, [r3]
 290 0030 1949     		ldr	r1, .L10+12
 291 0032 131C     		mov	r3, r2
 292 0034 5B00     		lsl	r3, r3, #1
 293 0036 9B18     		add	r3, r3, r2
 294 0038 9B00     		lsl	r3, r3, #2
 295 003a 5C58     		ldr	r4, [r3, r1]
 296 003c 3B1C     		mov	r3, r7
 297 003e 0F33     		add	r3, r3, #15
 298 0040 1A78     		ldrb	r2, [r3]
 299 0042 1549     		ldr	r1, .L10+12
 300 0044 131C     		mov	r3, r2
 301 0046 5B00     		lsl	r3, r3, #1
 302 0048 9B18     		add	r3, r3, r2
 303 004a 9B00     		lsl	r3, r3, #2
 304 004c CB18     		add	r3, r1, r3
 305 004e 0833     		add	r3, r3, #8
 306 0050 1B68     		ldr	r3, [r3]
 307 0052 0E49     		ldr	r1, .L10
 308 0054 114A     		ldr	r2, .L10+16
 309 0056 081C     		mov	r0, r1
 310 0058 111C     		mov	r1, r2
 311 005a 221C     		mov	r2, r4
 312 005c FFF7FEFF 		bl	Qprintf
  83:../Sources/TFC/TFC_Terminal.c ****     for(i=0;i<NUM_TERMINAL_COMMANDS;i++)
 313              		.loc 1 83 0
 314 0060 3B1C     		mov	r3, r7
 315 0062 0F33     		add	r3, r3, #15
 316 0064 3A1C     		mov	r2, r7
 317 0066 0F32     		add	r2, r2, #15
 318 0068 1278     		ldrb	r2, [r2]
 319 006a 0132     		add	r2, r2, #1
 320 006c 1A70     		strb	r2, [r3]
 321              	.L8:
  83:../Sources/TFC/TFC_Terminal.c ****     for(i=0;i<NUM_TERMINAL_COMMANDS;i++)
 322              		.loc 1 83 0 is_stmt 0
 323 006e 3B1C     		mov	r3, r7
 324 0070 0F33     		add	r3, r3, #15
 325 0072 1B78     		ldrb	r3, [r3]
 326 0074 072B     		cmp	r3, #7
 327 0076 D8D9     		bls	.L9
  86:../Sources/TFC/TFC_Terminal.c ****     }
  87:../Sources/TFC/TFC_Terminal.c **** 
  88:../Sources/TFC/TFC_Terminal.c ****     TERMINAL_PRINTF("\r\n\r\n");
 328              		.loc 1 88 0 is_stmt 1
 329 0078 044A     		ldr	r2, .L10
 330 007a 094B     		ldr	r3, .L10+20
 331 007c 101C     		mov	r0, r2
 332 007e 191C     		mov	r1, r3
 333 0080 FFF7FEFF 		bl	Qprintf
  89:../Sources/TFC/TFC_Terminal.c **** }
 334              		.loc 1 89 0
 335 0084 BD46     		mov	sp, r7
 336 0086 05B0     		add	sp, sp, #20
 337              		@ sp needed for prologue
 338 0088 90BD     		pop	{r4, r7, pc}
 339              	.L11:
 340 008a C046     		.align	2
 341              	.L10:
 342 008c 00000000 		.word	SDA_SERIAL_OUTGOING_QUEUE
 343 0090 8C010000 		.word	.LC32
 344 0094 A0010000 		.word	.LC34
 345 0098 00000000 		.word	MyTerminalCallbackRecords
 346 009c BC010000 		.word	.LC37
 347 00a0 E0000000 		.word	.LC17
 348              		.cfi_endproc
 349              	.LFE2:
 351              		.section	.text.TerminalCmd_Reboot,"ax",%progbits
 352              		.align	2
 353              		.global	TerminalCmd_Reboot
 354              		.code	16
 355              		.thumb_func
 357              	TerminalCmd_Reboot:
 358              	.LFB3:
  90:../Sources/TFC/TFC_Terminal.c **** 
  91:../Sources/TFC/TFC_Terminal.c **** void TerminalCmd_Reboot(char *arg)
  92:../Sources/TFC/TFC_Terminal.c **** {
 359              		.loc 1 92 0
 360              		.cfi_startproc
 361 0000 80B5     		push	{r7, lr}
 362              	.LCFI7:
 363              		.cfi_def_cfa_offset 8
 364              		.cfi_offset 7, -8
 365              		.cfi_offset 14, -4
 366 0002 82B0     		sub	sp, sp, #8
 367              	.LCFI8:
 368              		.cfi_def_cfa_offset 16
 369 0004 00AF     		add	r7, sp, #0
 370              	.LCFI9:
 371              		.cfi_def_cfa_register 7
 372 0006 7860     		str	r0, [r7, #4]
  93:../Sources/TFC/TFC_Terminal.c ****       TerminalBootMsg();
 373              		.loc 1 93 0
 374 0008 FFF7FEFF 		bl	TerminalBootMsg
  94:../Sources/TFC/TFC_Terminal.c **** }
 375              		.loc 1 94 0
 376 000c BD46     		mov	sp, r7
 377 000e 02B0     		add	sp, sp, #8
 378              		@ sp needed for prologue
 379 0010 80BD     		pop	{r7, pc}
 380              		.cfi_endproc
 381              	.LFE3:
 383 0012 C046     		.section	.rodata
 384              		.align	2
 385              	.LC41:
 386 01cc 090D0A45 		.ascii	"\011\015\012Enabling H-Bridges\015\012\000"
 386      6E61626C 
 386      696E6720 
 386      482D4272 
 386      69646765 
 387              		.section	.text.TerminalCmd_E,"ax",%progbits
 388              		.align	2
 389              		.global	TerminalCmd_E
 390              		.code	16
 391              		.thumb_func
 393              	TerminalCmd_E:
 394              	.LFB4:
  95:../Sources/TFC/TFC_Terminal.c **** 
  96:../Sources/TFC/TFC_Terminal.c **** 
  97:../Sources/TFC/TFC_Terminal.c **** 
  98:../Sources/TFC/TFC_Terminal.c **** void TerminalCmd_E(char *arg)
  99:../Sources/TFC/TFC_Terminal.c **** {
 395              		.loc 1 99 0
 396              		.cfi_startproc
 397 0000 80B5     		push	{r7, lr}
 398              	.LCFI10:
 399              		.cfi_def_cfa_offset 8
 400              		.cfi_offset 7, -8
 401              		.cfi_offset 14, -4
 402 0002 82B0     		sub	sp, sp, #8
 403              	.LCFI11:
 404              		.cfi_def_cfa_offset 16
 405 0004 00AF     		add	r7, sp, #0
 406              	.LCFI12:
 407              		.cfi_def_cfa_register 7
 408 0006 7860     		str	r0, [r7, #4]
 100:../Sources/TFC/TFC_Terminal.c **** 	 TERMINAL_PRINTF("\t\r\nEnabling H-Bridges\r\n");
 409              		.loc 1 100 0
 410 0008 064A     		ldr	r2, .L14
 411 000a 074B     		ldr	r3, .L14+4
 412 000c 101C     		mov	r0, r2
 413 000e 191C     		mov	r1, r3
 414 0010 FFF7FEFF 		bl	Qprintf
 101:../Sources/TFC/TFC_Terminal.c **** 	 TFC_HBRIDGE_ENABLE;
 415              		.loc 1 101 0
 416 0014 054B     		ldr	r3, .L14+8
 417 0016 8022     		mov	r2, #128
 418 0018 9203     		lsl	r2, r2, #14
 419 001a 5A60     		str	r2, [r3, #4]
 102:../Sources/TFC/TFC_Terminal.c **** }
 420              		.loc 1 102 0
 421 001c BD46     		mov	sp, r7
 422 001e 02B0     		add	sp, sp, #8
 423              		@ sp needed for prologue
 424 0020 80BD     		pop	{r7, pc}
 425              	.L15:
 426 0022 C046     		.align	2
 427              	.L14:
 428 0024 00000000 		.word	SDA_SERIAL_OUTGOING_QUEUE
 429 0028 CC010000 		.word	.LC41
 430 002c 00F10F40 		.word	1074786560
 431              		.cfi_endproc
 432              	.LFE4:
 434              		.section	.rodata
 435              		.align	2
 436              	.LC44:
 437 01e4 090D0A44 		.ascii	"\011\015\012Disabling H-Bridges\015\012\000"
 437      69736162 
 437      6C696E67 
 437      20482D42 
 437      72696467 
 438              		.section	.text.TerminalCmd_D,"ax",%progbits
 439              		.align	2
 440              		.global	TerminalCmd_D
 441              		.code	16
 442              		.thumb_func
 444              	TerminalCmd_D:
 445              	.LFB5:
 103:../Sources/TFC/TFC_Terminal.c **** 
 104:../Sources/TFC/TFC_Terminal.c **** void TerminalCmd_D(char *arg)
 105:../Sources/TFC/TFC_Terminal.c **** {
 446              		.loc 1 105 0
 447              		.cfi_startproc
 448 0000 80B5     		push	{r7, lr}
 449              	.LCFI13:
 450              		.cfi_def_cfa_offset 8
 451              		.cfi_offset 7, -8
 452              		.cfi_offset 14, -4
 453 0002 82B0     		sub	sp, sp, #8
 454              	.LCFI14:
 455              		.cfi_def_cfa_offset 16
 456 0004 00AF     		add	r7, sp, #0
 457              	.LCFI15:
 458              		.cfi_def_cfa_register 7
 459 0006 7860     		str	r0, [r7, #4]
 106:../Sources/TFC/TFC_Terminal.c **** 	 TERMINAL_PRINTF("\t\r\nDisabling H-Bridges\r\n");
 460              		.loc 1 106 0
 461 0008 094A     		ldr	r2, .L17
 462 000a 0A4B     		ldr	r3, .L17+4
 463 000c 101C     		mov	r0, r2
 464 000e 191C     		mov	r1, r3
 465 0010 FFF7FEFF 		bl	Qprintf
 107:../Sources/TFC/TFC_Terminal.c **** 	 TFC_HBRIDGE_DISABLE;
 466              		.loc 1 107 0
 467 0014 084B     		ldr	r3, .L17+8
 468 0016 8022     		mov	r2, #128
 469 0018 9203     		lsl	r2, r2, #14
 470 001a 9A60     		str	r2, [r3, #8]
 108:../Sources/TFC/TFC_Terminal.c **** 	 TFC_SetMotorPWM(0,0);
 471              		.loc 1 108 0
 472 001c 0022     		mov	r2, #0
 473 001e 0023     		mov	r3, #0
 474 0020 101C     		add	r0, r2, #0
 475 0022 191C     		add	r1, r3, #0
 476 0024 FFF7FEFF 		bl	TFC_SetMotorPWM
 109:../Sources/TFC/TFC_Terminal.c **** }
 477              		.loc 1 109 0
 478 0028 BD46     		mov	sp, r7
 479 002a 02B0     		add	sp, sp, #8
 480              		@ sp needed for prologue
 481 002c 80BD     		pop	{r7, pc}
 482              	.L18:
 483 002e C046     		.align	2
 484              	.L17:
 485 0030 00000000 		.word	SDA_SERIAL_OUTGOING_QUEUE
 486 0034 E4010000 		.word	.LC44
 487 0038 00F10F40 		.word	1074786560
 488              		.cfi_endproc
 489              	.LFE5:
 491              		.section	.rodata
 492 01fd 000000   		.align	2
 493              	.LC47:
 494 0200 0D0A4C49 		.ascii	"\015\012LINE 0:\000"
 494      4E452030 
 494      3A00
 495 020a 0000     		.align	2
 496              	.LC50:
 497 020c 25325800 		.ascii	"%2X\000"
 498              		.align	2
 499              	.LC52:
 500 0210 2C00     		.ascii	",\000"
 501 0212 0000     		.align	2
 502              	.LC55:
 503 0214 0D0A4C49 		.ascii	"\015\012LINE 1:\000"
 503      4E452031 
 503      3A00
 504              		.section	.text.TerminalCmd_GetLineScan,"ax",%progbits
 505              		.align	2
 506              		.global	TerminalCmd_GetLineScan
 507              		.code	16
 508              		.thumb_func
 510              	TerminalCmd_GetLineScan:
 511              	.LFB6:
 110:../Sources/TFC/TFC_Terminal.c **** 
 111:../Sources/TFC/TFC_Terminal.c **** void TerminalCmd_GetLineScan(char *arg)
 112:../Sources/TFC/TFC_Terminal.c **** {
 512              		.loc 1 112 0
 513              		.cfi_startproc
 514 0000 80B5     		push	{r7, lr}
 515              	.LCFI16:
 516              		.cfi_def_cfa_offset 8
 517              		.cfi_offset 7, -8
 518              		.cfi_offset 14, -4
 519 0002 84B0     		sub	sp, sp, #16
 520              	.LCFI17:
 521              		.cfi_def_cfa_offset 24
 522 0004 00AF     		add	r7, sp, #0
 523              	.LCFI18:
 524              		.cfi_def_cfa_register 7
 525 0006 7860     		str	r0, [r7, #4]
 113:../Sources/TFC/TFC_Terminal.c **** 	uint8_t i;
 114:../Sources/TFC/TFC_Terminal.c **** 	
 115:../Sources/TFC/TFC_Terminal.c **** 	TERMINAL_PRINTF("\r\nLINE 0:");
 526              		.loc 1 115 0
 527 0008 3B4A     		ldr	r2, .L28
 528 000a 3C4B     		ldr	r3, .L28+4
 529 000c 101C     		mov	r0, r2
 530 000e 191C     		mov	r1, r3
 531 0010 FFF7FEFF 		bl	Qprintf
 116:../Sources/TFC/TFC_Terminal.c **** 	
 117:../Sources/TFC/TFC_Terminal.c **** 	for(i=0;i<128;i++)
 532              		.loc 1 117 0
 533 0014 3B1C     		mov	r3, r7
 534 0016 0F33     		add	r3, r3, #15
 535 0018 0022     		mov	r2, #0
 536 001a 1A70     		strb	r2, [r3]
 537 001c 28E0     		b	.L20
 538              	.L23:
 118:../Sources/TFC/TFC_Terminal.c **** 	{
 119:../Sources/TFC/TFC_Terminal.c **** 		
 120:../Sources/TFC/TFC_Terminal.c **** 		TERMINAL_PRINTF("%2X",LineScanImage0[i]);
 539              		.loc 1 120 0
 540 001e 384B     		ldr	r3, .L28+8
 541 0020 1A68     		ldr	r2, [r3]
 542 0022 3B1C     		mov	r3, r7
 543 0024 0F33     		add	r3, r3, #15
 544 0026 1B78     		ldrb	r3, [r3]
 545 0028 5B00     		lsl	r3, r3, #1
 546 002a D318     		add	r3, r2, r3
 547 002c 1B88     		ldrh	r3, [r3]
 548 002e 9BB2     		uxth	r3, r3
 549 0030 3149     		ldr	r1, .L28
 550 0032 344A     		ldr	r2, .L28+12
 551 0034 081C     		mov	r0, r1
 552 0036 111C     		mov	r1, r2
 553 0038 1A1C     		mov	r2, r3
 554 003a FFF7FEFF 		bl	Qprintf
 121:../Sources/TFC/TFC_Terminal.c **** 		
 122:../Sources/TFC/TFC_Terminal.c **** 		if(i<127)
 555              		.loc 1 122 0
 556 003e 3B1C     		mov	r3, r7
 557 0040 0F33     		add	r3, r3, #15
 558 0042 1B78     		ldrb	r3, [r3]
 559 0044 7E2B     		cmp	r3, #126
 560 0046 06D8     		bhi	.L21
 123:../Sources/TFC/TFC_Terminal.c **** 			TERMINAL_PRINTF(",");
 561              		.loc 1 123 0
 562 0048 2B4A     		ldr	r2, .L28
 563 004a 2F4B     		ldr	r3, .L28+16
 564 004c 101C     		mov	r0, r2
 565 004e 191C     		mov	r1, r3
 566 0050 FFF7FEFF 		bl	Qprintf
 567 0054 05E0     		b	.L22
 568              	.L21:
 124:../Sources/TFC/TFC_Terminal.c **** 		else
 125:../Sources/TFC/TFC_Terminal.c **** 			TERMINAL_PRINTF("\r\n\r\n");
 569              		.loc 1 125 0
 570 0056 284A     		ldr	r2, .L28
 571 0058 2C4B     		ldr	r3, .L28+20
 572 005a 101C     		mov	r0, r2
 573 005c 191C     		mov	r1, r3
 574 005e FFF7FEFF 		bl	Qprintf
 575              	.L22:
 117:../Sources/TFC/TFC_Terminal.c **** 	for(i=0;i<128;i++)
 576              		.loc 1 117 0
 577 0062 3B1C     		mov	r3, r7
 578 0064 0F33     		add	r3, r3, #15
 579 0066 3A1C     		mov	r2, r7
 580 0068 0F32     		add	r2, r2, #15
 581 006a 1278     		ldrb	r2, [r2]
 582 006c 0132     		add	r2, r2, #1
 583 006e 1A70     		strb	r2, [r3]
 584              	.L20:
 117:../Sources/TFC/TFC_Terminal.c **** 	for(i=0;i<128;i++)
 585              		.loc 1 117 0 is_stmt 0
 586 0070 3B1C     		mov	r3, r7
 587 0072 0F33     		add	r3, r3, #15
 588 0074 1B78     		ldrb	r3, [r3]
 589 0076 5BB2     		sxtb	r3, r3
 590 0078 002B     		cmp	r3, #0
 591 007a D0DA     		bge	.L23
 126:../Sources/TFC/TFC_Terminal.c **** 	}
 127:../Sources/TFC/TFC_Terminal.c **** 	TERMINAL_PRINTF("\r\nLINE 1:");
 592              		.loc 1 127 0 is_stmt 1
 593 007c 1E4A     		ldr	r2, .L28
 594 007e 244B     		ldr	r3, .L28+24
 595 0080 101C     		mov	r0, r2
 596 0082 191C     		mov	r1, r3
 597 0084 FFF7FEFF 		bl	Qprintf
 128:../Sources/TFC/TFC_Terminal.c **** 	for(i=0;i<128;i++)
 598              		.loc 1 128 0
 599 0088 3B1C     		mov	r3, r7
 600 008a 0F33     		add	r3, r3, #15
 601 008c 0022     		mov	r2, #0
 602 008e 1A70     		strb	r2, [r3]
 603 0090 28E0     		b	.L24
 604              	.L27:
 129:../Sources/TFC/TFC_Terminal.c **** 	{
 130:../Sources/TFC/TFC_Terminal.c **** 		TERMINAL_PRINTF("%2X",LineScanImage1[i]);
 605              		.loc 1 130 0
 606 0092 204B     		ldr	r3, .L28+28
 607 0094 1A68     		ldr	r2, [r3]
 608 0096 3B1C     		mov	r3, r7
 609 0098 0F33     		add	r3, r3, #15
 610 009a 1B78     		ldrb	r3, [r3]
 611 009c 5B00     		lsl	r3, r3, #1
 612 009e D318     		add	r3, r2, r3
 613 00a0 1B88     		ldrh	r3, [r3]
 614 00a2 9BB2     		uxth	r3, r3
 615 00a4 1449     		ldr	r1, .L28
 616 00a6 174A     		ldr	r2, .L28+12
 617 00a8 081C     		mov	r0, r1
 618 00aa 111C     		mov	r1, r2
 619 00ac 1A1C     		mov	r2, r3
 620 00ae FFF7FEFF 		bl	Qprintf
 131:../Sources/TFC/TFC_Terminal.c **** 		if(i<127)
 621              		.loc 1 131 0
 622 00b2 3B1C     		mov	r3, r7
 623 00b4 0F33     		add	r3, r3, #15
 624 00b6 1B78     		ldrb	r3, [r3]
 625 00b8 7E2B     		cmp	r3, #126
 626 00ba 06D8     		bhi	.L25
 132:../Sources/TFC/TFC_Terminal.c **** 					TERMINAL_PRINTF(",");
 627              		.loc 1 132 0
 628 00bc 0E4A     		ldr	r2, .L28
 629 00be 124B     		ldr	r3, .L28+16
 630 00c0 101C     		mov	r0, r2
 631 00c2 191C     		mov	r1, r3
 632 00c4 FFF7FEFF 		bl	Qprintf
 633 00c8 05E0     		b	.L26
 634              	.L25:
 133:../Sources/TFC/TFC_Terminal.c **** 				else
 134:../Sources/TFC/TFC_Terminal.c **** 					TERMINAL_PRINTF("\r\n\r\n");
 635              		.loc 1 134 0
 636 00ca 0B4A     		ldr	r2, .L28
 637 00cc 0F4B     		ldr	r3, .L28+20
 638 00ce 101C     		mov	r0, r2
 639 00d0 191C     		mov	r1, r3
 640 00d2 FFF7FEFF 		bl	Qprintf
 641              	.L26:
 128:../Sources/TFC/TFC_Terminal.c **** 	for(i=0;i<128;i++)
 642              		.loc 1 128 0
 643 00d6 3B1C     		mov	r3, r7
 644 00d8 0F33     		add	r3, r3, #15
 645 00da 3A1C     		mov	r2, r7
 646 00dc 0F32     		add	r2, r2, #15
 647 00de 1278     		ldrb	r2, [r2]
 648 00e0 0132     		add	r2, r2, #1
 649 00e2 1A70     		strb	r2, [r3]
 650              	.L24:
 128:../Sources/TFC/TFC_Terminal.c **** 	for(i=0;i<128;i++)
 651              		.loc 1 128 0 is_stmt 0
 652 00e4 3B1C     		mov	r3, r7
 653 00e6 0F33     		add	r3, r3, #15
 654 00e8 1B78     		ldrb	r3, [r3]
 655 00ea 5BB2     		sxtb	r3, r3
 656 00ec 002B     		cmp	r3, #0
 657 00ee D0DA     		bge	.L27
 135:../Sources/TFC/TFC_Terminal.c **** 	}
 136:../Sources/TFC/TFC_Terminal.c **** 
 137:../Sources/TFC/TFC_Terminal.c **** }
 658              		.loc 1 137 0 is_stmt 1
 659 00f0 BD46     		mov	sp, r7
 660 00f2 04B0     		add	sp, sp, #16
 661              		@ sp needed for prologue
 662 00f4 80BD     		pop	{r7, pc}
 663              	.L29:
 664 00f6 C046     		.align	2
 665              	.L28:
 666 00f8 00000000 		.word	SDA_SERIAL_OUTGOING_QUEUE
 667 00fc 00020000 		.word	.LC47
 668 0100 00000000 		.word	LineScanImage0
 669 0104 0C020000 		.word	.LC50
 670 0108 10020000 		.word	.LC52
 671 010c E0000000 		.word	.LC17
 672 0110 14020000 		.word	.LC55
 673 0114 00000000 		.word	LineScanImage1
 674              		.cfi_endproc
 675              	.LFE6:
 677              		.section	.rodata
 678 021e 0000     		.align	2
 679              	.LC58:
 680 0220 25642C25 		.ascii	"%d,%d\000"
 680      6400
 681 0226 0000     		.align	2
 682              	.LC61:
 683 0228 53657474 		.ascii	"Setting Servos to %d , %d\015\012\000"
 683      696E6720 
 683      53657276 
 683      6F732074 
 683      6F202564 
 684              		.global	__aeabi_i2f
 685              		.global	__aeabi_fdiv
 686              		.align	2
 687              	.LC63:
 688 0244 496E7661 		.ascii	"Invalid servo control string. There must be 2 comma"
 688      6C696420 
 688      73657276 
 688      6F20636F 
 688      6E74726F 
 689 0277 6E642073 		.ascii	"nd separated arguments between -100 and 100. Ex: S "
 689      65706172 
 689      61746564 
 689      20617267 
 689      756D656E 
 690 02aa 34332C2D 		.ascii	"43,-43\000"
 690      343300
 691              		.section	.text.TerminalCmd_S,"ax",%progbits
 692              		.align	2
 693              		.global	TerminalCmd_S
 694              		.code	16
 695              		.thumb_func
 697              	TerminalCmd_S:
 698              	.LFB7:
 138:../Sources/TFC/TFC_Terminal.c **** 
 139:../Sources/TFC/TFC_Terminal.c **** 
 140:../Sources/TFC/TFC_Terminal.c **** void TerminalCmd_S(char *arg)
 141:../Sources/TFC/TFC_Terminal.c **** {
 699              		.loc 1 141 0
 700              		.cfi_startproc
 701 0000 80B5     		push	{r7, lr}
 702              	.LCFI19:
 703              		.cfi_def_cfa_offset 8
 704              		.cfi_offset 7, -8
 705              		.cfi_offset 14, -4
 706 0002 84B0     		sub	sp, sp, #16
 707              	.LCFI20:
 708              		.cfi_def_cfa_offset 24
 709 0004 00AF     		add	r7, sp, #0
 710              	.LCFI21:
 711              		.cfi_def_cfa_register 7
 712 0006 7860     		str	r0, [r7, #4]
 142:../Sources/TFC/TFC_Terminal.c **** 	int ServoSetting[2] = {0,0};
 713              		.loc 1 142 0
 714 0008 3B1C     		mov	r3, r7
 715 000a 0833     		add	r3, r3, #8
 716 000c 0022     		mov	r2, #0
 717 000e 1A60     		str	r2, [r3]
 718 0010 3B1C     		mov	r3, r7
 719 0012 0833     		add	r3, r3, #8
 720 0014 0022     		mov	r2, #0
 721 0016 5A60     		str	r2, [r3, #4]
 143:../Sources/TFC/TFC_Terminal.c **** 
 144:../Sources/TFC/TFC_Terminal.c **** 	if(sscanf(arg,"%d,%d",&ServoSetting[0],&ServoSetting[1]) == 2)
 722              		.loc 1 144 0
 723 0018 7868     		ldr	r0, [r7, #4]
 724 001a 1F49     		ldr	r1, .L33
 725 001c 3A1C     		mov	r2, r7
 726 001e 0832     		add	r2, r2, #8
 727 0020 3B1C     		mov	r3, r7
 728 0022 0833     		add	r3, r3, #8
 729 0024 0433     		add	r3, r3, #4
 730 0026 FFF7FEFF 		bl	sscanf
 731 002a 031C     		mov	r3, r0
 732 002c 022B     		cmp	r3, #2
 733 002e 2AD1     		bne	.L31
 145:../Sources/TFC/TFC_Terminal.c **** 	{
 146:../Sources/TFC/TFC_Terminal.c **** 	
 147:../Sources/TFC/TFC_Terminal.c **** 	TERMINAL_PRINTF("Setting Servos to %d , %d\r\n",ServoSetting[0],ServoSetting[1]);
 734              		.loc 1 147 0
 735 0030 3B1C     		mov	r3, r7
 736 0032 0833     		add	r3, r3, #8
 737 0034 1A68     		ldr	r2, [r3]
 738 0036 3B1C     		mov	r3, r7
 739 0038 0833     		add	r3, r3, #8
 740 003a 5B68     		ldr	r3, [r3, #4]
 741 003c 1748     		ldr	r0, .L33+4
 742 003e 1849     		ldr	r1, .L33+8
 743 0040 FFF7FEFF 		bl	Qprintf
 148:../Sources/TFC/TFC_Terminal.c **** 	
 149:../Sources/TFC/TFC_Terminal.c **** 	TFC_SetServo(0,(float)ServoSetting[0]/100.0f); //Rescale to -1.0 to 1.0
 744              		.loc 1 149 0
 745 0044 3B1C     		mov	r3, r7
 746 0046 0833     		add	r3, r3, #8
 747 0048 1B68     		ldr	r3, [r3]
 748 004a 181C     		mov	r0, r3
 749 004c FFF7FEFF 		bl	__aeabi_i2f
 750 0050 031C     		add	r3, r0, #0
 751 0052 181C     		add	r0, r3, #0
 752 0054 1349     		ldr	r1, .L33+12
 753 0056 FFF7FEFF 		bl	__aeabi_fdiv
 754 005a 031C     		add	r3, r0, #0
 755 005c 0020     		mov	r0, #0
 756 005e 191C     		add	r1, r3, #0
 757 0060 FFF7FEFF 		bl	TFC_SetServo
 150:../Sources/TFC/TFC_Terminal.c **** 	TFC_SetServo(1,(float)ServoSetting[1]/100.0f);
 758              		.loc 1 150 0
 759 0064 3B1C     		mov	r3, r7
 760 0066 0833     		add	r3, r3, #8
 761 0068 5B68     		ldr	r3, [r3, #4]
 762 006a 181C     		mov	r0, r3
 763 006c FFF7FEFF 		bl	__aeabi_i2f
 764 0070 031C     		add	r3, r0, #0
 765 0072 181C     		add	r0, r3, #0
 766 0074 0B49     		ldr	r1, .L33+12
 767 0076 FFF7FEFF 		bl	__aeabi_fdiv
 768 007a 031C     		add	r3, r0, #0
 769 007c 0120     		mov	r0, #1
 770 007e 191C     		add	r1, r3, #0
 771 0080 FFF7FEFF 		bl	TFC_SetServo
 772 0084 05E0     		b	.L30
 773              	.L31:
 151:../Sources/TFC/TFC_Terminal.c **** 	}
 152:../Sources/TFC/TFC_Terminal.c **** 	else
 153:../Sources/TFC/TFC_Terminal.c **** 	{
 154:../Sources/TFC/TFC_Terminal.c **** 		TERMINAL_PRINTF("Invalid servo control string. There must be 2 command separated arguments betwee
 774              		.loc 1 154 0
 775 0086 054A     		ldr	r2, .L33+4
 776 0088 074B     		ldr	r3, .L33+16
 777 008a 101C     		mov	r0, r2
 778 008c 191C     		mov	r1, r3
 779 008e FFF7FEFF 		bl	Qprintf
 780              	.L30:
 155:../Sources/TFC/TFC_Terminal.c **** 	}
 156:../Sources/TFC/TFC_Terminal.c **** 	
 157:../Sources/TFC/TFC_Terminal.c **** }
 781              		.loc 1 157 0
 782 0092 BD46     		mov	sp, r7
 783 0094 04B0     		add	sp, sp, #16
 784              		@ sp needed for prologue
 785 0096 80BD     		pop	{r7, pc}
 786              	.L34:
 787              		.align	2
 788              	.L33:
 789 0098 20020000 		.word	.LC58
 790 009c 00000000 		.word	SDA_SERIAL_OUTGOING_QUEUE
 791 00a0 28020000 		.word	.LC61
 792 00a4 0000C842 		.word	1120403456
 793 00a8 44020000 		.word	.LC63
 794              		.cfi_endproc
 795              	.LFE7:
 797              		.section	.rodata
 798 02b1 000000   		.align	2
 799              	.LC67:
 800 02b4 53657474 		.ascii	"Setting motor effort to to %d , %d\015\012\000"
 800      696E6720 
 800      6D6F746F 
 800      72206566 
 800      666F7274 
 801 02d9 000000   		.align	2
 802              	.LC69:
 803 02dc 496E7661 		.ascii	"Invalid motor control string. There must be 2 comma"
 803      6C696420 
 803      6D6F746F 
 803      7220636F 
 803      6E74726F 
 804 030f 6E642073 		.ascii	"nd separated arguments between -100 and 100. Ex: H "
 804      65706172 
 804      61746564 
 804      20617267 
 804      756D656E 
 805 0342 34332C2D 		.ascii	"43,-43\015\012\000"
 805      34330D0A 
 805      00
 806              		.section	.text.TerminalCmd_H,"ax",%progbits
 807              		.align	2
 808              		.global	TerminalCmd_H
 809              		.code	16
 810              		.thumb_func
 812              	TerminalCmd_H:
 813              	.LFB8:
 158:../Sources/TFC/TFC_Terminal.c **** 
 159:../Sources/TFC/TFC_Terminal.c **** void TerminalCmd_H(char *arg)
 160:../Sources/TFC/TFC_Terminal.c **** {
 814              		.loc 1 160 0
 815              		.cfi_startproc
 816 0000 90B5     		push	{r4, r7, lr}
 817              	.LCFI22:
 818              		.cfi_def_cfa_offset 12
 819              		.cfi_offset 4, -12
 820              		.cfi_offset 7, -8
 821              		.cfi_offset 14, -4
 822 0002 85B0     		sub	sp, sp, #20
 823              	.LCFI23:
 824              		.cfi_def_cfa_offset 32
 825 0004 00AF     		add	r7, sp, #0
 826              	.LCFI24:
 827              		.cfi_def_cfa_register 7
 828 0006 7860     		str	r0, [r7, #4]
 161:../Sources/TFC/TFC_Terminal.c **** 
 162:../Sources/TFC/TFC_Terminal.c **** 	int MotorSetting[2] = {0,0};
 829              		.loc 1 162 0
 830 0008 3B1C     		mov	r3, r7
 831 000a 0833     		add	r3, r3, #8
 832 000c 0022     		mov	r2, #0
 833 000e 1A60     		str	r2, [r3]
 834 0010 3B1C     		mov	r3, r7
 835 0012 0833     		add	r3, r3, #8
 836 0014 0022     		mov	r2, #0
 837 0016 5A60     		str	r2, [r3, #4]
 163:../Sources/TFC/TFC_Terminal.c **** 
 164:../Sources/TFC/TFC_Terminal.c **** 	if(sscanf(arg,"%d,%d",&MotorSetting[0],&MotorSetting[1]) == 2)
 838              		.loc 1 164 0
 839 0018 7868     		ldr	r0, [r7, #4]
 840 001a 1E49     		ldr	r1, .L38
 841 001c 3A1C     		mov	r2, r7
 842 001e 0832     		add	r2, r2, #8
 843 0020 3B1C     		mov	r3, r7
 844 0022 0833     		add	r3, r3, #8
 845 0024 0433     		add	r3, r3, #4
 846 0026 FFF7FEFF 		bl	sscanf
 847 002a 031C     		mov	r3, r0
 848 002c 022B     		cmp	r3, #2
 849 002e 27D1     		bne	.L36
 165:../Sources/TFC/TFC_Terminal.c **** 	{
 166:../Sources/TFC/TFC_Terminal.c **** 	
 167:../Sources/TFC/TFC_Terminal.c **** 	TERMINAL_PRINTF("Setting motor effort to to %d , %d\r\n",MotorSetting[0],MotorSetting[1]);
 850              		.loc 1 167 0
 851 0030 3B1C     		mov	r3, r7
 852 0032 0833     		add	r3, r3, #8
 853 0034 1A68     		ldr	r2, [r3]
 854 0036 3B1C     		mov	r3, r7
 855 0038 0833     		add	r3, r3, #8
 856 003a 5B68     		ldr	r3, [r3, #4]
 857 003c 1648     		ldr	r0, .L38+4
 858 003e 1749     		ldr	r1, .L38+8
 859 0040 FFF7FEFF 		bl	Qprintf
 168:../Sources/TFC/TFC_Terminal.c **** 	
 169:../Sources/TFC/TFC_Terminal.c **** 	TFC_SetMotorPWM((float)MotorSetting[0]/100.0f,(float)MotorSetting[1]/100.0f);
 860              		.loc 1 169 0
 861 0044 3B1C     		mov	r3, r7
 862 0046 0833     		add	r3, r3, #8
 863 0048 1B68     		ldr	r3, [r3]
 864 004a 181C     		mov	r0, r3
 865 004c FFF7FEFF 		bl	__aeabi_i2f
 866 0050 031C     		add	r3, r0, #0
 867 0052 181C     		add	r0, r3, #0
 868 0054 1249     		ldr	r1, .L38+12
 869 0056 FFF7FEFF 		bl	__aeabi_fdiv
 870 005a 031C     		add	r3, r0, #0
 871 005c 1C1C     		add	r4, r3, #0
 872 005e 3B1C     		mov	r3, r7
 873 0060 0833     		add	r3, r3, #8
 874 0062 5B68     		ldr	r3, [r3, #4]
 875 0064 181C     		mov	r0, r3
 876 0066 FFF7FEFF 		bl	__aeabi_i2f
 877 006a 031C     		add	r3, r0, #0
 878 006c 181C     		add	r0, r3, #0
 879 006e 0C49     		ldr	r1, .L38+12
 880 0070 FFF7FEFF 		bl	__aeabi_fdiv
 881 0074 031C     		add	r3, r0, #0
 882 0076 201C     		add	r0, r4, #0
 883 0078 191C     		add	r1, r3, #0
 884 007a FFF7FEFF 		bl	TFC_SetMotorPWM
 885 007e 05E0     		b	.L35
 886              	.L36:
 170:../Sources/TFC/TFC_Terminal.c **** 
 171:../Sources/TFC/TFC_Terminal.c **** 
 172:../Sources/TFC/TFC_Terminal.c **** 	}
 173:../Sources/TFC/TFC_Terminal.c **** 	else
 174:../Sources/TFC/TFC_Terminal.c **** 	{
 175:../Sources/TFC/TFC_Terminal.c **** 		TERMINAL_PRINTF("Invalid motor control string. There must be 2 command separated arguments betwee
 887              		.loc 1 175 0
 888 0080 054A     		ldr	r2, .L38+4
 889 0082 084B     		ldr	r3, .L38+16
 890 0084 101C     		mov	r0, r2
 891 0086 191C     		mov	r1, r3
 892 0088 FFF7FEFF 		bl	Qprintf
 893              	.L35:
 176:../Sources/TFC/TFC_Terminal.c **** 	}
 177:../Sources/TFC/TFC_Terminal.c **** 	
 178:../Sources/TFC/TFC_Terminal.c **** }
 894              		.loc 1 178 0
 895 008c BD46     		mov	sp, r7
 896 008e 05B0     		add	sp, sp, #20
 897              		@ sp needed for prologue
 898 0090 90BD     		pop	{r4, r7, pc}
 899              	.L39:
 900 0092 C046     		.align	2
 901              	.L38:
 902 0094 20020000 		.word	.LC58
 903 0098 00000000 		.word	SDA_SERIAL_OUTGOING_QUEUE
 904 009c B4020000 		.word	.LC67
 905 00a0 0000C842 		.word	1120403456
 906 00a4 DC020000 		.word	.LC69
 907              		.cfi_endproc
 908              	.LFE8:
 910              		.section	.rodata
 911 034b 00       		.align	2
 912              	.LC80:
 913 034c 0D0A00   		.ascii	"\015\012\000"
 914 034f 00       		.align	2
 915              	.LC82:
 916 0350 0D0A2573 		.ascii	"\015\012%s command not recognized.\015\012\015\012\000"
 916      20636F6D 
 916      6D616E64 
 916      206E6F74 
 916      20726563 
 917 0371 000000   		.align	2
 918              	.LC84:
 919 0374 6E6F2061 		.ascii	"no arg\000"
 919      726700
 920 037b 00       		.align	2
 921              	.LC86:
 922 037c 0D0A3E00 		.ascii	"\015\012>\000"
 923              		.section	.text.TFC_ProcessTerminal,"ax",%progbits
 924              		.align	2
 925              		.global	TFC_ProcessTerminal
 926              		.code	16
 927              		.thumb_func
 929              	TFC_ProcessTerminal:
 930              	.LFB9:
 179:../Sources/TFC/TFC_Terminal.c **** 
 180:../Sources/TFC/TFC_Terminal.c **** 
 181:../Sources/TFC/TFC_Terminal.c **** void TFC_ProcessTerminal()
 182:../Sources/TFC/TFC_Terminal.c **** {
 931              		.loc 1 182 0
 932              		.cfi_startproc
 933 0000 80B5     		push	{r7, lr}
 934              	.LCFI25:
 935              		.cfi_def_cfa_offset 8
 936              		.cfi_offset 7, -8
 937              		.cfi_offset 14, -4
 938 0002 82B0     		sub	sp, sp, #8
 939              	.LCFI26:
 940              		.cfi_def_cfa_offset 16
 941 0004 00AF     		add	r7, sp, #0
 942              	.LCFI27:
 943              		.cfi_def_cfa_register 7
 183:../Sources/TFC/TFC_Terminal.c ****      uint8_t i,j;
 184:../Sources/TFC/TFC_Terminal.c ****      uint8_t ArgsFound;
 185:../Sources/TFC/TFC_Terminal.c ****         
 186:../Sources/TFC/TFC_Terminal.c ****     if(TERMINAL_READABLE)
 944              		.loc 1 186 0
 945 0006 A14B     		ldr	r3, .L69
 946 0008 181C     		mov	r0, r3
 947 000a FFF7FEFF 		bl	BytesInQueue
 948 000e 031C     		mov	r3, r0
 949 0010 002B     		cmp	r3, #0
 950 0012 00D1     		bne	.LCB696
 951 0014 36E1     		b	.L40	@long jump
 952              	.LCB696:
 187:../Sources/TFC/TFC_Terminal.c ****     {
 188:../Sources/TFC/TFC_Terminal.c ****        NextCharIn = TERMINAL_GETC;
 953              		.loc 1 188 0
 954 0016 9D4B     		ldr	r3, .L69
 955 0018 181C     		mov	r0, r3
 956 001a FFF7FEFF 		bl	ForcedByteDequeue
 957 001e 031C     		mov	r3, r0
 958 0020 1A1C     		mov	r2, r3
 959 0022 9B4B     		ldr	r3, .L69+4
 960 0024 1A70     		strb	r2, [r3]
 189:../Sources/TFC/TFC_Terminal.c ****        
 190:../Sources/TFC/TFC_Terminal.c ****         switch(NextCharIn)
 961              		.loc 1 190 0
 962 0026 9A4B     		ldr	r3, .L69+4
 963 0028 1B78     		ldrb	r3, [r3]
 964 002a 082B     		cmp	r3, #8
 965 002c 00D1     		bne	.LCB707
 966 002e EBE0     		b	.L43	@long jump
 967              	.LCB707:
 968 0030 0D2B     		cmp	r3, #13
 969 0032 00D0     		beq	.LCB709
 970 0034 FAE0     		b	.L64	@long jump
 971              	.LCB709:
 972              	.L44:
 191:../Sources/TFC/TFC_Terminal.c ****         {
 192:../Sources/TFC/TFC_Terminal.c ****             case '\r':
 193:../Sources/TFC/TFC_Terminal.c ****              
 194:../Sources/TFC/TFC_Terminal.c ****              TerminalLineBuf[TerminalPos++] = 0x0;
 973              		.loc 1 194 0
 974 0036 974B     		ldr	r3, .L69+8
 975 0038 1B78     		ldrb	r3, [r3]
 976 003a 1A1C     		mov	r2, r3
 977 003c 9649     		ldr	r1, .L69+12
 978 003e 0020     		mov	r0, #0
 979 0040 8854     		strb	r0, [r1, r2]
 980 0042 0133     		add	r3, r3, #1
 981 0044 DAB2     		uxtb	r2, r3
 982 0046 934B     		ldr	r3, .L69+8
 983 0048 1A70     		strb	r2, [r3]
 195:../Sources/TFC/TFC_Terminal.c ****              TERMINAL_PUTC(NextCharIn);
 984              		.loc 1 195 0
 985 004a 914B     		ldr	r3, .L69+4
 986 004c 1B78     		ldrb	r3, [r3]
 987 004e 934A     		ldr	r2, .L69+16
 988 0050 101C     		mov	r0, r2
 989 0052 191C     		mov	r1, r3
 990 0054 FFF7FEFF 		bl	ByteEnqueue
 196:../Sources/TFC/TFC_Terminal.c ****            
 197:../Sources/TFC/TFC_Terminal.c ****              if(TerminalPos > 1)
 991              		.loc 1 197 0
 992 0058 8E4B     		ldr	r3, .L69+8
 993 005a 1B78     		ldrb	r3, [r3]
 994 005c 012B     		cmp	r3, #1
 995 005e 00D8     		bhi	.LCB730
 996 0060 C8E0     		b	.L45	@long jump
 997              	.LCB730:
 198:../Sources/TFC/TFC_Terminal.c ****              {
 199:../Sources/TFC/TFC_Terminal.c ****                  //find the command
 200:../Sources/TFC/TFC_Terminal.c ****                  i=0;
 998              		.loc 1 200 0
 999 0062 FB1D     		add	r3, r7, #7
 1000 0064 0022     		mov	r2, #0
 1001 0066 1A70     		strb	r2, [r3]
 201:../Sources/TFC/TFC_Terminal.c ****                  while(TerminalLineBuf[i]>0x20 &&  TerminalLineBuf[i]<0x7f)
 1002              		.loc 1 201 0
 1003 0068 10E0     		b	.L46
 1004              	.L48:
 202:../Sources/TFC/TFC_Terminal.c ****                  {
 203:../Sources/TFC/TFC_Terminal.c ****                       TerminalCmdBuf[i] = TerminalLineBuf[i];
 1005              		.loc 1 203 0
 1006 006a FB1D     		add	r3, r7, #7
 1007 006c 1B78     		ldrb	r3, [r3]
 1008 006e FA1D     		add	r2, r7, #7
 1009 0070 1278     		ldrb	r2, [r2]
 1010 0072 8949     		ldr	r1, .L69+12
 1011 0074 895C     		ldrb	r1, [r1, r2]
 1012 0076 8A4A     		ldr	r2, .L69+20
 1013 0078 D154     		strb	r1, [r2, r3]
 204:../Sources/TFC/TFC_Terminal.c ****                       i++;
 1014              		.loc 1 204 0
 1015 007a FB1D     		add	r3, r7, #7
 1016 007c FA1D     		add	r2, r7, #7
 1017 007e 1278     		ldrb	r2, [r2]
 1018 0080 0132     		add	r2, r2, #1
 1019 0082 1A70     		strb	r2, [r3]
 205:../Sources/TFC/TFC_Terminal.c ****     
 206:../Sources/TFC/TFC_Terminal.c ****                     if(i==MAX_TERMINAL_CMD_CHARS)
 1020              		.loc 1 206 0
 1021 0084 FB1D     		add	r3, r7, #7
 1022 0086 1B78     		ldrb	r3, [r3]
 1023 0088 202B     		cmp	r3, #32
 1024 008a 0CD0     		beq	.L66
 1025              	.L46:
 201:../Sources/TFC/TFC_Terminal.c ****                  while(TerminalLineBuf[i]>0x20 &&  TerminalLineBuf[i]<0x7f)
 1026              		.loc 1 201 0
 1027 008c FB1D     		add	r3, r7, #7
 1028 008e 1B78     		ldrb	r3, [r3]
 1029 0090 814A     		ldr	r2, .L69+12
 1030 0092 D35C     		ldrb	r3, [r2, r3]
 1031 0094 202B     		cmp	r3, #32
 1032 0096 07D9     		bls	.L47
 201:../Sources/TFC/TFC_Terminal.c ****                  while(TerminalLineBuf[i]>0x20 &&  TerminalLineBuf[i]<0x7f)
 1033              		.loc 1 201 0 is_stmt 0
 1034 0098 FB1D     		add	r3, r7, #7
 1035 009a 1B78     		ldrb	r3, [r3]
 1036 009c 7E4A     		ldr	r2, .L69+12
 1037 009e D35C     		ldrb	r3, [r2, r3]
 1038 00a0 7E2B     		cmp	r3, #126
 1039 00a2 E2D9     		bls	.L48
 1040 00a4 00E0     		b	.L47
 1041              	.L66:
 207:../Sources/TFC/TFC_Terminal.c ****                         {
 208:../Sources/TFC/TFC_Terminal.c ****                          break;
 1042              		.loc 1 208 0 is_stmt 1
 1043 00a6 C046     		mov	r8, r8
 1044              	.L47:
 209:../Sources/TFC/TFC_Terminal.c ****                         }
 210:../Sources/TFC/TFC_Terminal.c ****                  }
 211:../Sources/TFC/TFC_Terminal.c ****                     
 212:../Sources/TFC/TFC_Terminal.c ****                 TerminalCmdBuf[i] = 0;
 1045              		.loc 1 212 0
 1046 00a8 FB1D     		add	r3, r7, #7
 1047 00aa 1B78     		ldrb	r3, [r3]
 1048 00ac 7C4A     		ldr	r2, .L69+20
 1049 00ae 0021     		mov	r1, #0
 1050 00b0 D154     		strb	r1, [r2, r3]
 213:../Sources/TFC/TFC_Terminal.c ****                 TerminalCmdBuf[i+1] = 0;
 1051              		.loc 1 213 0
 1052 00b2 FB1D     		add	r3, r7, #7
 1053 00b4 1B78     		ldrb	r3, [r3]
 1054 00b6 0133     		add	r3, r3, #1
 1055 00b8 794A     		ldr	r2, .L69+20
 1056 00ba 0021     		mov	r1, #0
 1057 00bc D154     		strb	r1, [r2, r3]
 214:../Sources/TFC/TFC_Terminal.c ****                 
 215:../Sources/TFC/TFC_Terminal.c ****                 
 216:../Sources/TFC/TFC_Terminal.c ****                 ArgsFound = TRUE;
 1058              		.loc 1 216 0
 1059 00be 7B1D     		add	r3, r7, #5
 1060 00c0 0122     		mov	r2, #1
 1061 00c2 1A70     		strb	r2, [r3]
 217:../Sources/TFC/TFC_Terminal.c ****                 memset(TerminalArgs,0x00,sizeof(TerminalArgs));
 1062              		.loc 1 217 0
 1063 00c4 774B     		ldr	r3, .L69+24
 1064 00c6 181C     		mov	r0, r3
 1065 00c8 0021     		mov	r1, #0
 1066 00ca 2022     		mov	r2, #32
 1067 00cc FFF7FEFF 		bl	memset
 218:../Sources/TFC/TFC_Terminal.c ****                 //scan for num terminator or next non whitespace
 219:../Sources/TFC/TFC_Terminal.c ****                 while(TerminalLineBuf[i]<=0x20 && (i<MAX_TERMINAL_LINE_CHARS))
 1068              		.loc 1 219 0
 1069 00d0 0EE0     		b	.L49
 1070              	.L52:
 220:../Sources/TFC/TFC_Terminal.c ****                 {
 221:../Sources/TFC/TFC_Terminal.c ****                     if(TerminalLineBuf[i] == 0x00)
 1071              		.loc 1 221 0
 1072 00d2 FB1D     		add	r3, r7, #7
 1073 00d4 1B78     		ldrb	r3, [r3]
 1074 00d6 704A     		ldr	r2, .L69+12
 1075 00d8 D35C     		ldrb	r3, [r2, r3]
 1076 00da 002B     		cmp	r3, #0
 1077 00dc 03D1     		bne	.L50
 222:../Sources/TFC/TFC_Terminal.c ****                     {
 223:../Sources/TFC/TFC_Terminal.c ****                     
 224:../Sources/TFC/TFC_Terminal.c ****                         //if we find a NULL terminator before a non whitespace character they flag 
 225:../Sources/TFC/TFC_Terminal.c ****                         ArgsFound = FALSE;
 1078              		.loc 1 225 0
 1079 00de 7B1D     		add	r3, r7, #5
 1080 00e0 0022     		mov	r2, #0
 1081 00e2 1A70     		strb	r2, [r3]
 226:../Sources/TFC/TFC_Terminal.c ****                         break;
 1082              		.loc 1 226 0
 1083 00e4 0EE0     		b	.L51
 1084              	.L50:
 227:../Sources/TFC/TFC_Terminal.c ****                     }   
 228:../Sources/TFC/TFC_Terminal.c ****                     i++; 
 1085              		.loc 1 228 0
 1086 00e6 FB1D     		add	r3, r7, #7
 1087 00e8 FA1D     		add	r2, r7, #7
 1088 00ea 1278     		ldrb	r2, [r2]
 1089 00ec 0132     		add	r2, r2, #1
 1090 00ee 1A70     		strb	r2, [r3]
 1091              	.L49:
 219:../Sources/TFC/TFC_Terminal.c ****                 while(TerminalLineBuf[i]<=0x20 && (i<MAX_TERMINAL_LINE_CHARS))
 1092              		.loc 1 219 0
 1093 00f0 FB1D     		add	r3, r7, #7
 1094 00f2 1B78     		ldrb	r3, [r3]
 1095 00f4 684A     		ldr	r2, .L69+12
 1096 00f6 D35C     		ldrb	r3, [r2, r3]
 1097 00f8 202B     		cmp	r3, #32
 1098 00fa 03D8     		bhi	.L51
 219:../Sources/TFC/TFC_Terminal.c ****                 while(TerminalLineBuf[i]<=0x20 && (i<MAX_TERMINAL_LINE_CHARS))
 1099              		.loc 1 219 0 is_stmt 0
 1100 00fc FB1D     		add	r3, r7, #7
 1101 00fe 1B78     		ldrb	r3, [r3]
 1102 0100 3F2B     		cmp	r3, #63
 1103 0102 E6D9     		bls	.L52
 1104              	.L51:
 229:../Sources/TFC/TFC_Terminal.c ****                 }
 230:../Sources/TFC/TFC_Terminal.c ****                 
 231:../Sources/TFC/TFC_Terminal.c ****                 if(ArgsFound == TRUE)
 1105              		.loc 1 231 0 is_stmt 1
 1106 0104 7B1D     		add	r3, r7, #5
 1107 0106 1B78     		ldrb	r3, [r3]
 1108 0108 012B     		cmp	r3, #1
 1109 010a 20D1     		bne	.L53
 232:../Sources/TFC/TFC_Terminal.c ****                 {
 233:../Sources/TFC/TFC_Terminal.c ****                     strcpy(TerminalArgs,&TerminalLineBuf[i]);
 1110              		.loc 1 233 0
 1111 010c FB1D     		add	r3, r7, #7
 1112 010e 1A78     		ldrb	r2, [r3]
 1113 0110 614B     		ldr	r3, .L69+12
 1114 0112 D318     		add	r3, r2, r3
 1115 0114 634A     		ldr	r2, .L69+24
 1116 0116 101C     		mov	r0, r2
 1117 0118 191C     		mov	r1, r3
 1118 011a FFF7FEFF 		bl	strcpy
 234:../Sources/TFC/TFC_Terminal.c ****                     
 235:../Sources/TFC/TFC_Terminal.c ****                     //trim trailing whitespace
 236:../Sources/TFC/TFC_Terminal.c ****                     i = sizeof(TerminalArgs)-1;
 1119              		.loc 1 236 0
 1120 011e FB1D     		add	r3, r7, #7
 1121 0120 1F22     		mov	r2, #31
 1122 0122 1A70     		strb	r2, [r3]
 237:../Sources/TFC/TFC_Terminal.c ****                     
 238:../Sources/TFC/TFC_Terminal.c ****                     while((TerminalArgs[i]<0x21) && (i>0))
 1123              		.loc 1 238 0
 1124 0124 09E0     		b	.L54
 1125              	.L55:
 239:../Sources/TFC/TFC_Terminal.c ****                     {
 240:../Sources/TFC/TFC_Terminal.c ****                         TerminalArgs[i]= 0x00;
 1126              		.loc 1 240 0
 1127 0126 FB1D     		add	r3, r7, #7
 1128 0128 1B78     		ldrb	r3, [r3]
 1129 012a 5E4A     		ldr	r2, .L69+24
 1130 012c 0021     		mov	r1, #0
 1131 012e D154     		strb	r1, [r2, r3]
 241:../Sources/TFC/TFC_Terminal.c ****                         i--;
 1132              		.loc 1 241 0
 1133 0130 FB1D     		add	r3, r7, #7
 1134 0132 FA1D     		add	r2, r7, #7
 1135 0134 1278     		ldrb	r2, [r2]
 1136 0136 013A     		sub	r2, r2, #1
 1137 0138 1A70     		strb	r2, [r3]
 1138              	.L54:
 238:../Sources/TFC/TFC_Terminal.c ****                     while((TerminalArgs[i]<0x21) && (i>0))
 1139              		.loc 1 238 0
 1140 013a FB1D     		add	r3, r7, #7
 1141 013c 1B78     		ldrb	r3, [r3]
 1142 013e 594A     		ldr	r2, .L69+24
 1143 0140 D35C     		ldrb	r3, [r2, r3]
 1144 0142 202B     		cmp	r3, #32
 1145 0144 03D8     		bhi	.L53
 238:../Sources/TFC/TFC_Terminal.c ****                     while((TerminalArgs[i]<0x21) && (i>0))
 1146              		.loc 1 238 0 is_stmt 0
 1147 0146 FB1D     		add	r3, r7, #7
 1148 0148 1B78     		ldrb	r3, [r3]
 1149 014a 002B     		cmp	r3, #0
 1150 014c EBD1     		bne	.L55
 1151              	.L53:
 242:../Sources/TFC/TFC_Terminal.c ****                     }       
 243:../Sources/TFC/TFC_Terminal.c ****                 }
 244:../Sources/TFC/TFC_Terminal.c ****                 
 245:../Sources/TFC/TFC_Terminal.c ****                 CmdFound = FALSE;
 1152              		.loc 1 245 0 is_stmt 1
 1153 014e 564B     		ldr	r3, .L69+28
 1154 0150 0022     		mov	r2, #0
 1155 0152 1A70     		strb	r2, [r3]
 246:../Sources/TFC/TFC_Terminal.c ****                 for(j=0;j<NUM_TERMINAL_COMMANDS;j++)
 1156              		.loc 1 246 0
 1157 0154 BB1D     		add	r3, r7, #6
 1158 0156 0022     		mov	r2, #0
 1159 0158 1A70     		strb	r2, [r3]
 1160 015a 37E0     		b	.L56
 1161              	.L60:
 247:../Sources/TFC/TFC_Terminal.c ****                 {           
 248:../Sources/TFC/TFC_Terminal.c ****                     if(strcmp(TerminalCmdBuf,MyTerminalCallbackRecords[j].CommandString) == 0)
 1162              		.loc 1 248 0
 1163 015c BB1D     		add	r3, r7, #6
 1164 015e 1A78     		ldrb	r2, [r3]
 1165 0160 5249     		ldr	r1, .L69+32
 1166 0162 131C     		mov	r3, r2
 1167 0164 5B00     		lsl	r3, r3, #1
 1168 0166 9B18     		add	r3, r3, r2
 1169 0168 9B00     		lsl	r3, r3, #2
 1170 016a 5B58     		ldr	r3, [r3, r1]
 1171 016c 4C4A     		ldr	r2, .L69+20
 1172 016e 101C     		mov	r0, r2
 1173 0170 191C     		mov	r1, r3
 1174 0172 FFF7FEFF 		bl	strcmp
 1175 0176 031C     		mov	r3, r0
 1176 0178 002B     		cmp	r3, #0
 1177 017a 22D1     		bne	.L57
 249:../Sources/TFC/TFC_Terminal.c ****                     {
 250:../Sources/TFC/TFC_Terminal.c ****                         TERMINAL_PRINTF("\r\n");
 1178              		.loc 1 250 0
 1179 017c 474A     		ldr	r2, .L69+16
 1180 017e 4C4B     		ldr	r3, .L69+36
 1181 0180 101C     		mov	r0, r2
 1182 0182 191C     		mov	r1, r3
 1183 0184 FFF7FEFF 		bl	Qprintf
 251:../Sources/TFC/TFC_Terminal.c ****                         if(MyTerminalCallbackRecords[j].Callback != NULL)
 1184              		.loc 1 251 0
 1185 0188 BB1D     		add	r3, r7, #6
 1186 018a 1A78     		ldrb	r2, [r3]
 1187 018c 4749     		ldr	r1, .L69+32
 1188 018e 131C     		mov	r3, r2
 1189 0190 5B00     		lsl	r3, r3, #1
 1190 0192 9B18     		add	r3, r3, r2
 1191 0194 9B00     		lsl	r3, r3, #2
 1192 0196 CB18     		add	r3, r1, r3
 1193 0198 0433     		add	r3, r3, #4
 1194 019a 1B68     		ldr	r3, [r3]
 1195 019c 002B     		cmp	r3, #0
 1196 019e 0CD0     		beq	.L58
 252:../Sources/TFC/TFC_Terminal.c ****                             MyTerminalCallbackRecords[j].Callback(TerminalArgs);
 1197              		.loc 1 252 0
 1198 01a0 BB1D     		add	r3, r7, #6
 1199 01a2 1A78     		ldrb	r2, [r3]
 1200 01a4 4149     		ldr	r1, .L69+32
 1201 01a6 131C     		mov	r3, r2
 1202 01a8 5B00     		lsl	r3, r3, #1
 1203 01aa 9B18     		add	r3, r3, r2
 1204 01ac 9B00     		lsl	r3, r3, #2
 1205 01ae CB18     		add	r3, r1, r3
 1206 01b0 0433     		add	r3, r3, #4
 1207 01b2 1B68     		ldr	r3, [r3]
 1208 01b4 3B4A     		ldr	r2, .L69+24
 1209 01b6 101C     		mov	r0, r2
 1210 01b8 9847     		blx	r3
 1211              	.L58:
 253:../Sources/TFC/TFC_Terminal.c ****                     
 254:../Sources/TFC/TFC_Terminal.c ****                         CmdFound = TRUE;
 1212              		.loc 1 254 0
 1213 01ba 3B4B     		ldr	r3, .L69+28
 1214 01bc 0122     		mov	r2, #1
 1215 01be 1A70     		strb	r2, [r3]
 255:../Sources/TFC/TFC_Terminal.c ****                         break;
 1216              		.loc 1 255 0
 1217 01c0 08E0     		b	.L59
 1218              	.L57:
 246:../Sources/TFC/TFC_Terminal.c ****                 for(j=0;j<NUM_TERMINAL_COMMANDS;j++)
 1219              		.loc 1 246 0
 1220 01c2 BB1D     		add	r3, r7, #6
 1221 01c4 BA1D     		add	r2, r7, #6
 1222 01c6 1278     		ldrb	r2, [r2]
 1223 01c8 0132     		add	r2, r2, #1
 1224 01ca 1A70     		strb	r2, [r3]
 1225              	.L56:
 246:../Sources/TFC/TFC_Terminal.c ****                 for(j=0;j<NUM_TERMINAL_COMMANDS;j++)
 1226              		.loc 1 246 0 is_stmt 0
 1227 01cc BB1D     		add	r3, r7, #6
 1228 01ce 1B78     		ldrb	r3, [r3]
 1229 01d0 072B     		cmp	r3, #7
 1230 01d2 C3D9     		bls	.L60
 1231              	.L59:
 256:../Sources/TFC/TFC_Terminal.c ****                     }             
 257:../Sources/TFC/TFC_Terminal.c ****                 }        
 258:../Sources/TFC/TFC_Terminal.c ****                 if(CmdFound == FALSE)
 1232              		.loc 1 258 0 is_stmt 1
 1233 01d4 344B     		ldr	r3, .L69+28
 1234 01d6 1B78     		ldrb	r3, [r3]
 1235 01d8 002B     		cmp	r3, #0
 1236 01da 0BD1     		bne	.L45
 259:../Sources/TFC/TFC_Terminal.c ****                 {
 260:../Sources/TFC/TFC_Terminal.c ****                   TERMINAL_PRINTF("\r\n%s command not recognized.\r\n\r\n",TerminalCmdBuf);
 1237              		.loc 1 260 0
 1238 01dc 2F49     		ldr	r1, .L69+16
 1239 01de 354A     		ldr	r2, .L69+40
 1240 01e0 2F4B     		ldr	r3, .L69+20
 1241 01e2 081C     		mov	r0, r1
 1242 01e4 111C     		mov	r1, r2
 1243 01e6 1A1C     		mov	r2, r3
 1244 01e8 FFF7FEFF 		bl	Qprintf
 261:../Sources/TFC/TFC_Terminal.c ****                   TerminalCmd_Help("no arg");
 1245              		.loc 1 261 0
 1246 01ec 324B     		ldr	r3, .L69+44
 1247 01ee 181C     		mov	r0, r3
 1248 01f0 FFF7FEFF 		bl	TerminalCmd_Help
 1249              	.L45:
 262:../Sources/TFC/TFC_Terminal.c ****                   
 263:../Sources/TFC/TFC_Terminal.c ****                 }
 264:../Sources/TFC/TFC_Terminal.c ****               }    
 265:../Sources/TFC/TFC_Terminal.c ****              TERMINAL_PRINTF("\r\n>");
 1250              		.loc 1 265 0
 1251 01f4 294A     		ldr	r2, .L69+16
 1252 01f6 314B     		ldr	r3, .L69+48
 1253 01f8 101C     		mov	r0, r2
 1254 01fa 191C     		mov	r1, r3
 1255 01fc FFF7FEFF 		bl	Qprintf
 266:../Sources/TFC/TFC_Terminal.c ****              TerminalPos = 0;
 1256              		.loc 1 266 0
 1257 0200 244B     		ldr	r3, .L69+8
 1258 0202 0022     		mov	r2, #0
 1259 0204 1A70     		strb	r2, [r3]
 267:../Sources/TFC/TFC_Terminal.c ****             
 268:../Sources/TFC/TFC_Terminal.c ****             break;
 1260              		.loc 1 268 0
 1261 0206 3DE0     		b	.L40
 1262              	.L43:
 269:../Sources/TFC/TFC_Terminal.c ****             
 270:../Sources/TFC/TFC_Terminal.c ****             case '\b':
 271:../Sources/TFC/TFC_Terminal.c ****                 if(TerminalPos > 0)
 1263              		.loc 1 271 0
 1264 0208 224B     		ldr	r3, .L69+8
 1265 020a 1B78     		ldrb	r3, [r3]
 1266 020c 002B     		cmp	r3, #0
 1267 020e 36D0     		beq	.L67
 272:../Sources/TFC/TFC_Terminal.c ****                 {
 273:../Sources/TFC/TFC_Terminal.c ****                     TerminalPos--;    
 1268              		.loc 1 273 0
 1269 0210 204B     		ldr	r3, .L69+8
 1270 0212 1B78     		ldrb	r3, [r3]
 1271 0214 013B     		sub	r3, r3, #1
 1272 0216 DAB2     		uxtb	r2, r3
 1273 0218 1E4B     		ldr	r3, .L69+8
 1274 021a 1A70     		strb	r2, [r3]
 274:../Sources/TFC/TFC_Terminal.c ****                     TERMINAL_PUTC(NextCharIn);
 1275              		.loc 1 274 0
 1276 021c 1C4B     		ldr	r3, .L69+4
 1277 021e 1B78     		ldrb	r3, [r3]
 1278 0220 1E4A     		ldr	r2, .L69+16
 1279 0222 101C     		mov	r0, r2
 1280 0224 191C     		mov	r1, r3
 1281 0226 FFF7FEFF 		bl	ByteEnqueue
 275:../Sources/TFC/TFC_Terminal.c ****                 }
 276:../Sources/TFC/TFC_Terminal.c ****             break;
 1282              		.loc 1 276 0
 1283 022a 28E0     		b	.L67
 1284              	.L64:
 277:../Sources/TFC/TFC_Terminal.c ****             
 278:../Sources/TFC/TFC_Terminal.c ****             default:
 279:../Sources/TFC/TFC_Terminal.c ****                 
 280:../Sources/TFC/TFC_Terminal.c ****                 if(TerminalPos == 0 && NextCharIn == 0x020)
 1285              		.loc 1 280 0
 1286 022c 194B     		ldr	r3, .L69+8
 1287 022e 1B78     		ldrb	r3, [r3]
 1288 0230 002B     		cmp	r3, #0
 1289 0232 03D1     		bne	.L62
 1290              		.loc 1 280 0 is_stmt 0
 1291 0234 164B     		ldr	r3, .L69+4
 1292 0236 1B78     		ldrb	r3, [r3]
 1293 0238 202B     		cmp	r3, #32
 1294 023a 1ED0     		beq	.L65
 1295              	.L62:
 281:../Sources/TFC/TFC_Terminal.c ****                 {
 282:../Sources/TFC/TFC_Terminal.c ****                      //Do nothing if space bar is pressed at beginning of line    
 283:../Sources/TFC/TFC_Terminal.c ****                 }
 284:../Sources/TFC/TFC_Terminal.c ****                    else if(NextCharIn >= 0x20 && NextCharIn<0x7F)
 1296              		.loc 1 284 0 is_stmt 1
 1297 023c 144B     		ldr	r3, .L69+4
 1298 023e 1B78     		ldrb	r3, [r3]
 1299 0240 1F2B     		cmp	r3, #31
 1300 0242 1ED9     		bls	.L68
 1301              		.loc 1 284 0 is_stmt 0
 1302 0244 124B     		ldr	r3, .L69+4
 1303 0246 1B78     		ldrb	r3, [r3]
 1304 0248 7E2B     		cmp	r3, #126
 1305 024a 1AD8     		bhi	.L68
 285:../Sources/TFC/TFC_Terminal.c ****                 {
 286:../Sources/TFC/TFC_Terminal.c ****                     
 287:../Sources/TFC/TFC_Terminal.c ****                     if(TerminalPos < MAX_TERMINAL_LINE_CHARS-1)
 1306              		.loc 1 287 0 is_stmt 1
 1307 024c 114B     		ldr	r3, .L69+8
 1308 024e 1B78     		ldrb	r3, [r3]
 1309 0250 3E2B     		cmp	r3, #62
 1310 0252 16D8     		bhi	.L68
 288:../Sources/TFC/TFC_Terminal.c ****                     {
 289:../Sources/TFC/TFC_Terminal.c ****                          TerminalLineBuf[TerminalPos++] = NextCharIn;
 1311              		.loc 1 289 0
 1312 0254 0F4B     		ldr	r3, .L69+8
 1313 0256 1B78     		ldrb	r3, [r3]
 1314 0258 1A1C     		mov	r2, r3
 1315 025a 0D49     		ldr	r1, .L69+4
 1316 025c 0878     		ldrb	r0, [r1]
 1317 025e 0E49     		ldr	r1, .L69+12
 1318 0260 8854     		strb	r0, [r1, r2]
 1319 0262 0133     		add	r3, r3, #1
 1320 0264 DAB2     		uxtb	r2, r3
 1321 0266 0B4B     		ldr	r3, .L69+8
 1322 0268 1A70     		strb	r2, [r3]
 290:../Sources/TFC/TFC_Terminal.c ****                         TERMINAL_PUTC(NextCharIn);
 1323              		.loc 1 290 0
 1324 026a 094B     		ldr	r3, .L69+4
 1325 026c 1B78     		ldrb	r3, [r3]
 1326 026e 0B4A     		ldr	r2, .L69+16
 1327 0270 101C     		mov	r0, r2
 1328 0272 191C     		mov	r1, r3
 1329 0274 FFF7FEFF 		bl	ByteEnqueue
 291:../Sources/TFC/TFC_Terminal.c ****                     }
 292:../Sources/TFC/TFC_Terminal.c ****                 }
 293:../Sources/TFC/TFC_Terminal.c ****             
 294:../Sources/TFC/TFC_Terminal.c ****             break;
 1330              		.loc 1 294 0
 1331 0278 03E0     		b	.L68
 1332              	.L65:
 1333 027a C046     		mov	r8, r8
 1334 027c 01E0     		b	.L68
 1335              	.L67:
 276:../Sources/TFC/TFC_Terminal.c ****             break;
 1336              		.loc 1 276 0
 1337 027e C046     		mov	r8, r8
 1338 0280 00E0     		b	.L40
 1339              	.L68:
 1340              		.loc 1 294 0
 1341 0282 C046     		mov	r8, r8
 1342              	.L40:
 295:../Sources/TFC/TFC_Terminal.c ****         
 296:../Sources/TFC/TFC_Terminal.c ****         }
 297:../Sources/TFC/TFC_Terminal.c ****     }
 298:../Sources/TFC/TFC_Terminal.c ****  
 299:../Sources/TFC/TFC_Terminal.c **** }
 1343              		.loc 1 299 0
 1344 0284 BD46     		mov	sp, r7
 1345 0286 02B0     		add	sp, sp, #8
 1346              		@ sp needed for prologue
 1347 0288 80BD     		pop	{r7, pc}
 1348              	.L70:
 1349 028a C046     		.align	2
 1350              	.L69:
 1351 028c 00000000 		.word	SDA_SERIAL_INCOMING_QUEUE
 1352 0290 00000000 		.word	NextCharIn
 1353 0294 00000000 		.word	TerminalPos
 1354 0298 00000000 		.word	TerminalLineBuf
 1355 029c 00000000 		.word	SDA_SERIAL_OUTGOING_QUEUE
 1356 02a0 00000000 		.word	TerminalCmdBuf
 1357 02a4 00000000 		.word	TerminalArgs
 1358 02a8 00000000 		.word	CmdFound
 1359 02ac 00000000 		.word	MyTerminalCallbackRecords
 1360 02b0 4C030000 		.word	.LC80
 1361 02b4 50030000 		.word	.LC82
 1362 02b8 74030000 		.word	.LC84
 1363 02bc 7C030000 		.word	.LC86
 1364              		.cfi_endproc
 1365              	.LFE9:
 1367              		.section	.text.TerminalCmd_1,"ax",%progbits
 1368              		.align	2
 1369              		.global	TerminalCmd_1
 1370              		.code	16
 1371              		.thumb_func
 1373              	TerminalCmd_1:
 1374              	.LFB10:
 300:../Sources/TFC/TFC_Terminal.c **** 
 301:../Sources/TFC/TFC_Terminal.c **** // start of our code
 302:../Sources/TFC/TFC_Terminal.c **** void TerminalCmd_1(char *arg)
 303:../Sources/TFC/TFC_Terminal.c **** {
 1375              		.loc 1 303 0
 1376              		.cfi_startproc
 1377 0000 80B5     		push	{r7, lr}
 1378              	.LCFI28:
 1379              		.cfi_def_cfa_offset 8
 1380              		.cfi_offset 7, -8
 1381              		.cfi_offset 14, -4
 1382 0002 82B0     		sub	sp, sp, #8
 1383              	.LCFI29:
 1384              		.cfi_def_cfa_offset 16
 1385 0004 00AF     		add	r7, sp, #0
 1386              	.LCFI30:
 1387              		.cfi_def_cfa_register 7
 1388 0006 7860     		str	r0, [r7, #4]
 304:../Sources/TFC/TFC_Terminal.c **** 	TFC_SetServo(0, 0);
 1389              		.loc 1 304 0
 1390 0008 0023     		mov	r3, #0
 1391 000a 0020     		mov	r0, #0
 1392 000c 191C     		add	r1, r3, #0
 1393 000e FFF7FEFF 		bl	TFC_SetServo
 305:../Sources/TFC/TFC_Terminal.c **** 	TFC_SetMotorPWM(0.20, -0.20);
 1394              		.loc 1 305 0
 1395 0012 044A     		ldr	r2, .L72
 1396 0014 044B     		ldr	r3, .L72+4
 1397 0016 101C     		add	r0, r2, #0
 1398 0018 191C     		add	r1, r3, #0
 1399 001a FFF7FEFF 		bl	TFC_SetMotorPWM
 306:../Sources/TFC/TFC_Terminal.c **** }
 1400              		.loc 1 306 0
 1401 001e BD46     		mov	sp, r7
 1402 0020 02B0     		add	sp, sp, #8
 1403              		@ sp needed for prologue
 1404 0022 80BD     		pop	{r7, pc}
 1405              	.L73:
 1406              		.align	2
 1407              	.L72:
 1408 0024 CDCC4C3E 		.word	1045220557
 1409 0028 CDCC4CBE 		.word	-1102263091
 1410              		.cfi_endproc
 1411              	.LFE10:
 1413              		.section	.text.TerminalCmd_0,"ax",%progbits
 1414              		.align	2
 1415              		.global	TerminalCmd_0
 1416              		.code	16
 1417              		.thumb_func
 1419              	TerminalCmd_0:
 1420              	.LFB11:
 307:../Sources/TFC/TFC_Terminal.c **** 
 308:../Sources/TFC/TFC_Terminal.c **** void TerminalCmd_0(char *arg)
 309:../Sources/TFC/TFC_Terminal.c **** {
 1421              		.loc 1 309 0
 1422              		.cfi_startproc
 1423 0000 80B5     		push	{r7, lr}
 1424              	.LCFI31:
 1425              		.cfi_def_cfa_offset 8
 1426              		.cfi_offset 7, -8
 1427              		.cfi_offset 14, -4
 1428 0002 82B0     		sub	sp, sp, #8
 1429              	.LCFI32:
 1430              		.cfi_def_cfa_offset 16
 1431 0004 00AF     		add	r7, sp, #0
 1432              	.LCFI33:
 1433              		.cfi_def_cfa_register 7
 1434 0006 7860     		str	r0, [r7, #4]
 310:../Sources/TFC/TFC_Terminal.c **** 	TFC_SetServo(0, 0);
 1435              		.loc 1 310 0
 1436 0008 0023     		mov	r3, #0
 1437 000a 0020     		mov	r0, #0
 1438 000c 191C     		add	r1, r3, #0
 1439 000e FFF7FEFF 		bl	TFC_SetServo
 311:../Sources/TFC/TFC_Terminal.c **** 	TFC_SetMotorPWM(0, 0);
 1440              		.loc 1 311 0
 1441 0012 0022     		mov	r2, #0
 1442 0014 0023     		mov	r3, #0
 1443 0016 101C     		add	r0, r2, #0
 1444 0018 191C     		add	r1, r3, #0
 1445 001a FFF7FEFF 		bl	TFC_SetMotorPWM
 312:../Sources/TFC/TFC_Terminal.c **** }
 1446              		.loc 1 312 0
 1447 001e BD46     		mov	sp, r7
 1448 0020 02B0     		add	sp, sp, #8
 1449              		@ sp needed for prologue
 1450 0022 80BD     		pop	{r7, pc}
 1451              		.cfi_endproc
 1452              	.LFE11:
 1454              		.text
 1455              	.Letext0:
 1456              		.file 2 "F:/CW MCU v10.6/MCU/ARM_GCC_Support/ewl/EWL_C/include/cstdint"
 1457              		.file 3 "F:/FreeScale/Projects/TFC_Project/FRDM-TFC/Project_Headers/MKL25Z4.h"
 1458              		.file 4 "F:/FreeScale/Projects/TFC_Project/FRDM-TFC/Project_Headers/TFC\\TFC_Queue.h"
 1459              		.file 5 "F:/FreeScale/Projects/TFC_Project/FRDM-TFC/Project_Headers/TFC\\TFC_LineScanCamera.h"
 1460              		.file 6 "F:/FreeScale/Projects/TFC_Project/FRDM-TFC/Project_Headers/TFC\\TFC_UART.h"
DEFINED SYMBOLS
                            *ABS*:00000000 TFC_Terminal.c
C:\Users\GOLGIR~1\AppData\Local\Temp\ccxvSrqv.s:71     .data.MyTerminalCallbackRecords:00000000 MyTerminalCallbackRecords
C:\Users\GOLGIR~1\AppData\Local\Temp\ccxvSrqv.s:19     .rodata:00000000 $d
C:\Users\GOLGIR~1\AppData\Local\Temp\ccxvSrqv.s:68     .data.MyTerminalCallbackRecords:00000000 $d
C:\Users\GOLGIR~1\AppData\Local\Temp\ccxvSrqv.s:250    .text.TerminalCmd_Help:00000000 TerminalCmd_Help
C:\Users\GOLGIR~1\AppData\Local\Temp\ccxvSrqv.s:510    .text.TerminalCmd_GetLineScan:00000000 TerminalCmd_GetLineScan
C:\Users\GOLGIR~1\AppData\Local\Temp\ccxvSrqv.s:697    .text.TerminalCmd_S:00000000 TerminalCmd_S
C:\Users\GOLGIR~1\AppData\Local\Temp\ccxvSrqv.s:812    .text.TerminalCmd_H:00000000 TerminalCmd_H
C:\Users\GOLGIR~1\AppData\Local\Temp\ccxvSrqv.s:393    .text.TerminalCmd_E:00000000 TerminalCmd_E
C:\Users\GOLGIR~1\AppData\Local\Temp\ccxvSrqv.s:444    .text.TerminalCmd_D:00000000 TerminalCmd_D
C:\Users\GOLGIR~1\AppData\Local\Temp\ccxvSrqv.s:1373   .text.TerminalCmd_1:00000000 TerminalCmd_1
C:\Users\GOLGIR~1\AppData\Local\Temp\ccxvSrqv.s:1419   .text.TerminalCmd_0:00000000 TerminalCmd_0
                            *COM*:00000040 TerminalLineBuf
                            *COM*:00000001 TerminalPos
                            *COM*:00000021 TerminalCmdBuf
                            *COM*:00000020 TerminalArgs
                            *COM*:00000001 NextCharIn
                            *COM*:00000001 CmdFound
C:\Users\GOLGIR~1\AppData\Local\Temp\ccxvSrqv.s:123    .text.TerminalBootMsg:00000000 $t
C:\Users\GOLGIR~1\AppData\Local\Temp\ccxvSrqv.s:128    .text.TerminalBootMsg:00000000 TerminalBootMsg
C:\Users\GOLGIR~1\AppData\Local\Temp\ccxvSrqv.s:184    .text.TerminalBootMsg:00000050 $d
C:\Users\GOLGIR~1\AppData\Local\Temp\ccxvSrqv.s:195    .text.TFC_InitTerminal:00000000 $t
C:\Users\GOLGIR~1\AppData\Local\Temp\ccxvSrqv.s:200    .text.TFC_InitTerminal:00000000 TFC_InitTerminal
C:\Users\GOLGIR~1\AppData\Local\Temp\ccxvSrqv.s:229    .text.TFC_InitTerminal:00000018 $d
C:\Users\GOLGIR~1\AppData\Local\Temp\ccxvSrqv.s:245    .text.TerminalCmd_Help:00000000 $t
C:\Users\GOLGIR~1\AppData\Local\Temp\ccxvSrqv.s:342    .text.TerminalCmd_Help:0000008c $d
C:\Users\GOLGIR~1\AppData\Local\Temp\ccxvSrqv.s:352    .text.TerminalCmd_Reboot:00000000 $t
C:\Users\GOLGIR~1\AppData\Local\Temp\ccxvSrqv.s:357    .text.TerminalCmd_Reboot:00000000 TerminalCmd_Reboot
C:\Users\GOLGIR~1\AppData\Local\Temp\ccxvSrqv.s:388    .text.TerminalCmd_E:00000000 $t
C:\Users\GOLGIR~1\AppData\Local\Temp\ccxvSrqv.s:428    .text.TerminalCmd_E:00000024 $d
C:\Users\GOLGIR~1\AppData\Local\Temp\ccxvSrqv.s:439    .text.TerminalCmd_D:00000000 $t
C:\Users\GOLGIR~1\AppData\Local\Temp\ccxvSrqv.s:485    .text.TerminalCmd_D:00000030 $d
C:\Users\GOLGIR~1\AppData\Local\Temp\ccxvSrqv.s:505    .text.TerminalCmd_GetLineScan:00000000 $t
C:\Users\GOLGIR~1\AppData\Local\Temp\ccxvSrqv.s:666    .text.TerminalCmd_GetLineScan:000000f8 $d
C:\Users\GOLGIR~1\AppData\Local\Temp\ccxvSrqv.s:692    .text.TerminalCmd_S:00000000 $t
C:\Users\GOLGIR~1\AppData\Local\Temp\ccxvSrqv.s:789    .text.TerminalCmd_S:00000098 $d
C:\Users\GOLGIR~1\AppData\Local\Temp\ccxvSrqv.s:807    .text.TerminalCmd_H:00000000 $t
C:\Users\GOLGIR~1\AppData\Local\Temp\ccxvSrqv.s:902    .text.TerminalCmd_H:00000094 $d
C:\Users\GOLGIR~1\AppData\Local\Temp\ccxvSrqv.s:924    .text.TFC_ProcessTerminal:00000000 $t
C:\Users\GOLGIR~1\AppData\Local\Temp\ccxvSrqv.s:929    .text.TFC_ProcessTerminal:00000000 TFC_ProcessTerminal
C:\Users\GOLGIR~1\AppData\Local\Temp\ccxvSrqv.s:1351   .text.TFC_ProcessTerminal:0000028c $d
C:\Users\GOLGIR~1\AppData\Local\Temp\ccxvSrqv.s:1368   .text.TerminalCmd_1:00000000 $t
C:\Users\GOLGIR~1\AppData\Local\Temp\ccxvSrqv.s:1408   .text.TerminalCmd_1:00000024 $d
C:\Users\GOLGIR~1\AppData\Local\Temp\ccxvSrqv.s:1414   .text.TerminalCmd_0:00000000 $t
                     .debug_frame:00000010 $d

UNDEFINED SYMBOLS
Qprintf
SDA_SERIAL_OUTGOING_QUEUE
TFC_SetMotorPWM
LineScanImage0
LineScanImage1
__aeabi_i2f
__aeabi_fdiv
sscanf
TFC_SetServo
BytesInQueue
ForcedByteDequeue
ByteEnqueue
memset
strcpy
strcmp
SDA_SERIAL_INCOMING_QUEUE
